{"C:\\Users\\KAZE\\Documents\\App\\RuleDesk\\src\\main\\config\\constants.ts": {"path":"C:\\Users\\KAZE\\Documents\\App\\RuleDesk\\src\\main\\config\\constants.ts","statementMap":{"0":{"start":{"line":10,"column":26},"end":{"line":10,"column":null}},"1":{"start":{"line":13,"column":31},"end":{"line":13,"column":null}},"2":{"start":{"line":16,"column":36},"end":{"line":16,"column":null}},"3":{"start":{"line":22,"column":38},"end":{"line":22,"column":null}}},"fnMap":{},"branchMap":{},"s":{"0":3,"1":3,"2":3,"3":3},"f":{},"b":{},"meta":{"lastBranch":0,"lastFunction":0,"lastStatement":4,"seen":{"s:10:26:10:Infinity":0,"s:13:31:13:Infinity":1,"s:16:36:16:Infinity":2,"s:22:38:22:Infinity":3}}}
,"C:\\Users\\KAZE\\Documents\\App\\RuleDesk\\src\\main\\core\\di\\Container.ts": {"path":"C:\\Users\\KAZE\\Documents\\App\\RuleDesk\\src\\main\\core\\di\\Container.ts","statementMap":{"0":{"start":{"line":21,"column":25},"end":{"line":26,"column":null}},"1":{"start":{"line":39,"column":2},"end":{"line":39,"column":null}},"2":{"start":{"line":56,"column":46},"end":{"line":56,"column":null}},"3":{"start":{"line":58,"column":52},"end":{"line":58,"column":null}},"4":{"start":{"line":59,"column":50},"end":{"line":59,"column":null}},"5":{"start":{"line":65,"column":4},"end":{"line":65,"column":null}},"6":{"start":{"line":72,"column":4},"end":{"line":74,"column":null}},"7":{"start":{"line":73,"column":6},"end":{"line":73,"column":null}},"8":{"start":{"line":75,"column":4},"end":{"line":75,"column":null}},"9":{"start":{"line":86,"column":15},"end":{"line":86,"column":null}},"10":{"start":{"line":88,"column":4},"end":{"line":90,"column":null}},"11":{"start":{"line":89,"column":6},"end":{"line":89,"column":null}},"12":{"start":{"line":92,"column":4},"end":{"line":96,"column":null}},"13":{"start":{"line":93,"column":6},"end":{"line":95,"column":null}},"14":{"start":{"line":99,"column":4},"end":{"line":110,"column":null}},"15":{"start":{"line":101,"column":6},"end":{"line":105,"column":null}},"16":{"start":{"line":102,"column":8},"end":{"line":104,"column":null}},"17":{"start":{"line":112,"column":4},"end":{"line":112,"column":null}},"18":{"start":{"line":113,"column":4},"end":{"line":115,"column":null}},"19":{"start":{"line":126,"column":15},"end":{"line":126,"column":null}},"20":{"start":{"line":129,"column":4},"end":{"line":134,"column":null}},"21":{"start":{"line":130,"column":20},"end":{"line":130,"column":null}},"22":{"start":{"line":131,"column":20},"end":{"line":131,"column":null}},"23":{"start":{"line":132,"column":6},"end":{"line":132,"column":null}},"24":{"start":{"line":133,"column":6},"end":{"line":133,"column":null}},"25":{"start":{"line":136,"column":4},"end":{"line":140,"column":null}},"26":{"start":{"line":137,"column":20},"end":{"line":137,"column":null}},"27":{"start":{"line":138,"column":6},"end":{"line":138,"column":null}},"28":{"start":{"line":139,"column":6},"end":{"line":139,"column":null}},"29":{"start":{"line":143,"column":4},"end":{"line":143,"column":null}},"30":{"start":{"line":144,"column":4},"end":{"line":158,"column":null}},"31":{"start":{"line":145,"column":22},"end":{"line":145,"column":null}},"32":{"start":{"line":148,"column":6},"end":{"line":152,"column":null}},"33":{"start":{"line":149,"column":8},"end":{"line":151,"column":null}},"34":{"start":{"line":154,"column":6},"end":{"line":154,"column":null}},"35":{"start":{"line":157,"column":6},"end":{"line":157,"column":null}},"36":{"start":{"line":168,"column":4},"end":{"line":168,"column":null}},"37":{"start":{"line":176,"column":4},"end":{"line":176,"column":null}},"38":{"start":{"line":177,"column":4},"end":{"line":177,"column":null}},"39":{"start":{"line":184,"column":4},"end":{"line":184,"column":null}},"40":{"start":{"line":189,"column":25},"end":{"line":189,"column":null}}},"fnMap":{"0":{"name":"resolveServiceId","decl":{"start":{"line":38,"column":9},"end":{"line":38,"column":26}},"loc":{"start":{"line":38,"column":70},"end":{"line":40,"column":null}},"line":38},"1":{"name":"(anonymous_1)","decl":{"start":{"line":64,"column":10},"end":{"line":64,"column":24}},"loc":{"start":{"line":64,"column":24},"end":{"line":66,"column":null}},"line":64},"2":{"name":"(anonymous_2)","decl":{"start":{"line":71,"column":16},"end":{"line":71,"column":41}},"loc":{"start":{"line":71,"column":41},"end":{"line":76,"column":null}},"line":71},"3":{"name":"(anonymous_3)","decl":{"start":{"line":85,"column":9},"end":{"line":85,"column":21}},"loc":{"start":{"line":85,"column":70},"end":{"line":116,"column":null}},"line":85},"4":{"name":"(anonymous_4)","decl":{"start":{"line":125,"column":9},"end":{"line":125,"column":20}},"loc":{"start":{"line":125,"column":53},"end":{"line":159,"column":null}},"line":125},"5":{"name":"(anonymous_5)","decl":{"start":{"line":167,"column":9},"end":{"line":167,"column":13}},"loc":{"start":{"line":167,"column":58},"end":{"line":169,"column":null}},"line":167},"6":{"name":"(anonymous_6)","decl":{"start":{"line":175,"column":9},"end":{"line":175,"column":23}},"loc":{"start":{"line":175,"column":23},"end":{"line":178,"column":null}},"line":175},"7":{"name":"(anonymous_7)","decl":{"start":{"line":183,"column":9},"end":{"line":183,"column":43}},"loc":{"start":{"line":183,"column":43},"end":{"line":185,"column":null}},"line":183}},"branchMap":{"0":{"loc":{"start":{"line":39,"column":9},"end":{"line":39,"column":null}},"type":"cond-expr","locations":[{"start":{"line":39,"column":38},"end":{"line":39,"column":53}},{"start":{"line":39,"column":53},"end":{"line":39,"column":null}}],"line":39},"1":{"loc":{"start":{"line":72,"column":4},"end":{"line":74,"column":null}},"type":"if","locations":[{"start":{"line":72,"column":4},"end":{"line":74,"column":null}},{"start":{},"end":{}}],"line":72},"2":{"loc":{"start":{"line":88,"column":4},"end":{"line":90,"column":null}},"type":"if","locations":[{"start":{"line":88,"column":4},"end":{"line":90,"column":null}},{"start":{},"end":{}}],"line":88},"3":{"loc":{"start":{"line":88,"column":8},"end":{"line":88,"column":39}},"type":"binary-expr","locations":[{"start":{"line":88,"column":8},"end":{"line":88,"column":15}},{"start":{"line":88,"column":15},"end":{"line":88,"column":39}}],"line":88},"4":{"loc":{"start":{"line":92,"column":4},"end":{"line":96,"column":null}},"type":"if","locations":[{"start":{"line":92,"column":4},"end":{"line":96,"column":null}},{"start":{},"end":{}}],"line":92},"5":{"loc":{"start":{"line":94,"column":32},"end":{"line":94,"column":86}},"type":"cond-expr","locations":[{"start":{"line":94,"column":61},"end":{"line":94,"column":84}},{"start":{"line":94,"column":84},"end":{"line":94,"column":86}}],"line":94},"6":{"loc":{"start":{"line":99,"column":4},"end":{"line":110,"column":null}},"type":"if","locations":[{"start":{"line":99,"column":4},"end":{"line":110,"column":null}},{"start":{},"end":{}}],"line":99},"7":{"loc":{"start":{"line":101,"column":6},"end":{"line":105,"column":null}},"type":"if","locations":[{"start":{"line":101,"column":6},"end":{"line":105,"column":null}},{"start":{},"end":{}}],"line":101},"8":{"loc":{"start":{"line":101,"column":10},"end":{"line":101,"column":55}},"type":"binary-expr","locations":[{"start":{"line":101,"column":10},"end":{"line":101,"column":31}},{"start":{"line":101,"column":31},"end":{"line":101,"column":55}}],"line":101},"9":{"loc":{"start":{"line":114,"column":41},"end":{"line":114,"column":95}},"type":"cond-expr","locations":[{"start":{"line":114,"column":70},"end":{"line":114,"column":93}},{"start":{"line":114,"column":93},"end":{"line":114,"column":95}}],"line":114},"10":{"loc":{"start":{"line":129,"column":4},"end":{"line":134,"column":null}},"type":"if","locations":[{"start":{"line":129,"column":4},"end":{"line":134,"column":null}},{"start":{},"end":{}}],"line":129},"11":{"loc":{"start":{"line":136,"column":4},"end":{"line":140,"column":null}},"type":"if","locations":[{"start":{"line":136,"column":4},"end":{"line":140,"column":null}},{"start":{},"end":{}}],"line":136},"12":{"loc":{"start":{"line":137,"column":44},"end":{"line":137,"column":98}},"type":"cond-expr","locations":[{"start":{"line":137,"column":73},"end":{"line":137,"column":96}},{"start":{"line":137,"column":96},"end":{"line":137,"column":98}}],"line":137},"13":{"loc":{"start":{"line":148,"column":6},"end":{"line":152,"column":null}},"type":"if","locations":[{"start":{"line":148,"column":6},"end":{"line":152,"column":null}},{"start":{},"end":{}}],"line":148},"14":{"loc":{"start":{"line":148,"column":10},"end":{"line":148,"column":53}},"type":"binary-expr","locations":[{"start":{"line":148,"column":10},"end":{"line":148,"column":30}},{"start":{"line":148,"column":30},"end":{"line":148,"column":53}}],"line":148},"15":{"loc":{"start":{"line":150,"column":34},"end":{"line":150,"column":88}},"type":"cond-expr","locations":[{"start":{"line":150,"column":63},"end":{"line":150,"column":86}},{"start":{"line":150,"column":86},"end":{"line":150,"column":88}}],"line":150}},"s":{"0":3,"1":23,"2":6,"3":6,"4":6,"5":3,"6":3,"7":3,"8":3,"9":9,"10":9,"11":0,"12":9,"13":0,"14":9,"15":9,"16":0,"17":9,"18":9,"19":14,"20":14,"21":0,"22":0,"23":0,"24":0,"25":14,"26":0,"27":0,"28":0,"29":14,"30":14,"31":14,"32":14,"33":0,"34":14,"35":14,"36":0,"37":16,"38":16,"39":0,"40":3},"f":{"0":23,"1":3,"2":6,"3":9,"4":14,"5":0,"6":16,"7":0},"b":{"0":[23,0],"1":[3,0],"2":[0,9],"3":[9,9],"4":[0,9],"5":[0,0],"6":[9,0],"7":[0,9],"8":[9,9],"9":[9,0],"10":[0,14],"11":[0,14],"12":[0,0],"13":[0,14],"14":[14,14],"15":[0,0]},"meta":{"lastBranch":16,"lastFunction":8,"lastStatement":41,"seen":{"s:21:25:26:Infinity":0,"f:38:9:38:26":0,"s:39:2:39:Infinity":1,"b:39:38:39:53:39:53:39:Infinity":0,"s:56:46:56:Infinity":2,"s:58:52:58:Infinity":3,"s:59:50:59:Infinity":4,"f:64:10:64:24":1,"s:65:4:65:Infinity":5,"f:71:16:71:41":2,"b:72:4:74:Infinity:undefined:undefined:undefined:undefined":1,"s:72:4:74:Infinity":6,"s:73:6:73:Infinity":7,"s:75:4:75:Infinity":8,"f:85:9:85:21":3,"s:86:15:86:Infinity":9,"b:88:4:90:Infinity:undefined:undefined:undefined:undefined":2,"s:88:4:90:Infinity":10,"b:88:8:88:15:88:15:88:39":3,"s:89:6:89:Infinity":11,"b:92:4:96:Infinity:undefined:undefined:undefined:undefined":4,"s:92:4:96:Infinity":12,"s:93:6:95:Infinity":13,"b:94:61:94:84:94:84:94:86":5,"b:99:4:110:Infinity:undefined:undefined:undefined:undefined":6,"s:99:4:110:Infinity":14,"b:101:6:105:Infinity:undefined:undefined:undefined:undefined":7,"s:101:6:105:Infinity":15,"b:101:10:101:31:101:31:101:55":8,"s:102:8:104:Infinity":16,"s:112:4:112:Infinity":17,"s:113:4:115:Infinity":18,"b:114:70:114:93:114:93:114:95":9,"f:125:9:125:20":4,"s:126:15:126:Infinity":19,"b:129:4:134:Infinity:undefined:undefined:undefined:undefined":10,"s:129:4:134:Infinity":20,"s:130:20:130:Infinity":21,"s:131:20:131:Infinity":22,"s:132:6:132:Infinity":23,"s:133:6:133:Infinity":24,"b:136:4:140:Infinity:undefined:undefined:undefined:undefined":11,"s:136:4:140:Infinity":25,"s:137:20:137:Infinity":26,"b:137:73:137:96:137:96:137:98":12,"s:138:6:138:Infinity":27,"s:139:6:139:Infinity":28,"s:143:4:143:Infinity":29,"s:144:4:158:Infinity":30,"s:145:22:145:Infinity":31,"b:148:6:152:Infinity:undefined:undefined:undefined:undefined":13,"s:148:6:152:Infinity":32,"b:148:10:148:30:148:30:148:53":14,"s:149:8:151:Infinity":33,"b:150:63:150:86:150:86:150:88":15,"s:154:6:154:Infinity":34,"s:157:6:157:Infinity":35,"f:167:9:167:13":5,"s:168:4:168:Infinity":36,"f:175:9:175:23":6,"s:176:4:176:Infinity":37,"s:177:4:177:Infinity":38,"f:183:9:183:43":7,"s:184:4:184:Infinity":39,"s:189:25:189:Infinity":40}}}
,"C:\\Users\\KAZE\\Documents\\App\\RuleDesk\\src\\main\\core\\di\\Token.ts": {"path":"C:\\Users\\KAZE\\Documents\\App\\RuleDesk\\src\\main\\core\\di\\Token.ts","statementMap":{"0":{"start":{"line":34,"column":4},"end":{"line":34,"column":null}},"1":{"start":{"line":35,"column":4},"end":{"line":35,"column":null}},"2":{"start":{"line":42,"column":4},"end":{"line":42,"column":null}}},"fnMap":{"0":{"name":"(anonymous_0)","decl":{"start":{"line":33,"column":2},"end":{"line":33,"column":14}},"loc":{"start":{"line":33,"column":48},"end":{"line":36,"column":null}},"line":33},"1":{"name":"(anonymous_1)","decl":{"start":{"line":41,"column":9},"end":{"line":41,"column":28}},"loc":{"start":{"line":41,"column":28},"end":{"line":43,"column":null}},"line":41}},"branchMap":{"0":{"loc":{"start":{"line":42,"column":11},"end":{"line":42,"column":null}},"type":"cond-expr","locations":[{"start":{"line":42,"column":30},"end":{"line":42,"column":67}},{"start":{"line":42,"column":67},"end":{"line":42,"column":null}}],"line":42}},"s":{"0":12,"1":12,"2":9},"f":{"0":12,"1":9},"b":{"0":[9,0]},"meta":{"lastBranch":1,"lastFunction":2,"lastStatement":3,"seen":{"f:33:2:33:14":0,"s:34:4:34:Infinity":0,"s:35:4:35:Infinity":1,"f:41:9:41:28":1,"s:42:4:42:Infinity":2,"b:42:30:42:67:42:67:42:Infinity":0}}}
,"C:\\Users\\KAZE\\Documents\\App\\RuleDesk\\src\\main\\core\\ipc\\BaseController.ts": {"path":"C:\\Users\\KAZE\\Documents\\App\\RuleDesk\\src\\main\\core\\ipc\\BaseController.ts","statementMap":{"0":{"start":{"line":19,"column":39},"end":{"line":27,"column":null}},"1":{"start":{"line":20,"column":25},"end":{"line":20,"column":null}},"2":{"start":{"line":24,"column":20},"end":{"line":24,"column":null}},"3":{"start":{"line":26,"column":2},"end":{"line":26,"column":null}},"4":{"start":{"line":61,"column":40},"end":{"line":61,"column":null}},"5":{"start":{"line":67,"column":47},"end":{"line":74,"column":null}},"6":{"start":{"line":78,"column":56},"end":{"line":78,"column":null}},"7":{"start":{"line":188,"column":40},"end":{"line":188,"column":null}},"8":{"start":{"line":191,"column":44},"end":{"line":191,"column":null}},"9":{"start":{"line":196,"column":51},"end":{"line":196,"column":null}},"10":{"start":{"line":197,"column":29},"end":{"line":197,"column":null}},"11":{"start":{"line":98,"column":4},"end":{"line":100,"column":null}},"12":{"start":{"line":99,"column":6},"end":{"line":99,"column":null}},"13":{"start":{"line":103,"column":4},"end":{"line":143,"column":null}},"14":{"start":{"line":104,"column":18},"end":{"line":104,"column":null}},"15":{"start":{"line":105,"column":6},"end":{"line":107,"column":null}},"16":{"start":{"line":106,"column":8},"end":{"line":106,"column":null}},"17":{"start":{"line":110,"column":6},"end":{"line":126,"column":null}},"18":{"start":{"line":111,"column":20},"end":{"line":111,"column":null}},"19":{"start":{"line":112,"column":8},"end":{"line":114,"column":null}},"20":{"start":{"line":113,"column":10},"end":{"line":113,"column":null}},"21":{"start":{"line":115,"column":8},"end":{"line":117,"column":null}},"22":{"start":{"line":116,"column":10},"end":{"line":116,"column":null}},"23":{"start":{"line":121,"column":8},"end":{"line":124,"column":null}},"24":{"start":{"line":125,"column":8},"end":{"line":125,"column":null}},"25":{"start":{"line":129,"column":24},"end":{"line":129,"column":null}},"26":{"start":{"line":137,"column":6},"end":{"line":140,"column":null}},"27":{"start":{"line":138,"column":21},"end":{"line":138,"column":null}},"28":{"start":{"line":139,"column":8},"end":{"line":139,"column":null}},"29":{"start":{"line":142,"column":6},"end":{"line":142,"column":null}},"30":{"start":{"line":146,"column":21},"end":{"line":146,"column":null}},"31":{"start":{"line":147,"column":4},"end":{"line":154,"column":null}},"32":{"start":{"line":153,"column":6},"end":{"line":153,"column":null}},"33":{"start":{"line":158,"column":4},"end":{"line":161,"column":null}},"34":{"start":{"line":162,"column":4},"end":{"line":162,"column":null}},"35":{"start":{"line":176,"column":15},"end":{"line":176,"column":null}},"36":{"start":{"line":177,"column":4},"end":{"line":181,"column":null}},"37":{"start":{"line":177,"column":17},"end":{"line":177,"column":20}},"38":{"start":{"line":178,"column":6},"end":{"line":178,"column":null}},"39":{"start":{"line":180,"column":6},"end":{"line":180,"column":null}},"40":{"start":{"line":183,"column":4},"end":{"line":183,"column":null}},"41":{"start":{"line":235,"column":4},"end":{"line":241,"column":null}},"42":{"start":{"line":236,"column":6},"end":{"line":236,"column":null}},"43":{"start":{"line":237,"column":6},"end":{"line":237,"column":null}},"44":{"start":{"line":240,"column":6},"end":{"line":240,"column":null}},"45":{"start":{"line":243,"column":4},"end":{"line":832,"column":null}},"46":{"start":{"line":246,"column":8},"end":{"line":830,"column":null}},"47":{"start":{"line":249,"column":22},"end":{"line":249,"column":null}},"48":{"start":{"line":254,"column":10},"end":{"line":254,"column":null}},"49":{"start":{"line":255,"column":10},"end":{"line":306,"column":null}},"50":{"start":{"line":259,"column":12},"end":{"line":259,"column":null}},"51":{"start":{"line":263,"column":12},"end":{"line":305,"column":null}},"52":{"start":{"line":264,"column":33},"end":{"line":264,"column":null}},"53":{"start":{"line":265,"column":45},"end":{"line":265,"column":null}},"54":{"start":{"line":268,"column":14},"end":{"line":275,"column":null}},"55":{"start":{"line":272,"column":16},"end":{"line":274,"column":null}},"56":{"start":{"line":273,"column":18},"end":{"line":273,"column":null}},"57":{"start":{"line":278,"column":14},"end":{"line":280,"column":null}},"58":{"start":{"line":279,"column":16},"end":{"line":279,"column":null}},"59":{"start":{"line":284,"column":26},"end":{"line":284,"column":null}},"60":{"start":{"line":285,"column":42},"end":{"line":285,"column":null}},"61":{"start":{"line":286,"column":14},"end":{"line":291,"column":null}},"62":{"start":{"line":287,"column":28},"end":{"line":287,"column":null}},"63":{"start":{"line":288,"column":16},"end":{"line":290,"column":null}},"64":{"start":{"line":289,"column":18},"end":{"line":289,"column":null}},"65":{"start":{"line":294,"column":14},"end":{"line":304,"column":null}},"66":{"start":{"line":295,"column":30},"end":{"line":295,"column":null}},"67":{"start":{"line":296,"column":16},"end":{"line":303,"column":null}},"68":{"start":{"line":297,"column":18},"end":{"line":297,"column":null}},"69":{"start":{"line":298,"column":18},"end":{"line":301,"column":null}},"70":{"start":{"line":302,"column":18},"end":{"line":302,"column":null}},"71":{"start":{"line":308,"column":31},"end":{"line":308,"column":null}},"72":{"start":{"line":315,"column":10},"end":{"line":545,"column":null}},"73":{"start":{"line":318,"column":32},"end":{"line":318,"column":null}},"74":{"start":{"line":321,"column":12},"end":{"line":544,"column":null}},"75":{"start":{"line":322,"column":14},"end":{"line":324,"column":null}},"76":{"start":{"line":329,"column":16},"end":{"line":329,"column":null}},"77":{"start":{"line":330,"column":14},"end":{"line":349,"column":null}},"78":{"start":{"line":332,"column":28},"end":{"line":332,"column":null}},"79":{"start":{"line":333,"column":16},"end":{"line":348,"column":null}},"80":{"start":{"line":335,"column":18},"end":{"line":338,"column":null}},"81":{"start":{"line":339,"column":18},"end":{"line":339,"column":null}},"82":{"start":{"line":344,"column":18},"end":{"line":346,"column":null}},"83":{"start":{"line":347,"column":18},"end":{"line":347,"column":null}},"84":{"start":{"line":355,"column":30},"end":{"line":358,"column":null}},"85":{"start":{"line":356,"column":16},"end":{"line":356,"column":null}},"86":{"start":{"line":357,"column":16},"end":{"line":357,"column":null}},"87":{"start":{"line":364,"column":32},"end":{"line":364,"column":null}},"88":{"start":{"line":365,"column":32},"end":{"line":374,"column":null}},"89":{"start":{"line":366,"column":30},"end":{"line":366,"column":null}},"90":{"start":{"line":367,"column":16},"end":{"line":373,"column":null}},"91":{"start":{"line":368,"column":18},"end":{"line":371,"column":null}},"92":{"start":{"line":372,"column":18},"end":{"line":372,"column":null}},"93":{"start":{"line":376,"column":14},"end":{"line":380,"column":null}},"94":{"start":{"line":388,"column":14},"end":{"line":541,"column":null}},"95":{"start":{"line":389,"column":14},"end":{"line":540,"column":null}},"96":{"start":{"line":392,"column":16},"end":{"line":396,"column":null}},"97":{"start":{"line":399,"column":32},"end":{"line":399,"column":null}},"98":{"start":{"line":402,"column":16},"end":{"line":434,"column":null}},"99":{"start":{"line":403,"column":38},"end":{"line":403,"column":null}},"100":{"start":{"line":404,"column":40},"end":{"line":404,"column":null}},"101":{"start":{"line":405,"column":18},"end":{"line":418,"column":null}},"102":{"start":{"line":406,"column":41},"end":{"line":406,"column":null}},"103":{"start":{"line":407,"column":20},"end":{"line":409,"column":null}},"104":{"start":{"line":410,"column":61},"end":{"line":416,"column":null}},"105":{"start":{"line":417,"column":20},"end":{"line":417,"column":null}},"106":{"start":{"line":420,"column":18},"end":{"line":433,"column":null}},"107":{"start":{"line":421,"column":41},"end":{"line":421,"column":null}},"108":{"start":{"line":422,"column":20},"end":{"line":424,"column":null}},"109":{"start":{"line":425,"column":61},"end":{"line":431,"column":null}},"110":{"start":{"line":432,"column":20},"end":{"line":432,"column":null}},"111":{"start":{"line":437,"column":41},"end":{"line":439,"column":null}},"112":{"start":{"line":446,"column":16},"end":{"line":520,"column":null}},"113":{"start":{"line":447,"column":18},"end":{"line":449,"column":null}},"114":{"start":{"line":451,"column":18},"end":{"line":517,"column":null}},"115":{"start":{"line":456,"column":42},"end":{"line":461,"column":null}},"116":{"start":{"line":457,"column":38},"end":{"line":457,"column":null}},"117":{"start":{"line":460,"column":22},"end":{"line":460,"column":null}},"118":{"start":{"line":462,"column":41},"end":{"line":462,"column":null}},"119":{"start":{"line":466,"column":14},"end":{"line":483,"column":null}},"120":{"start":{"line":467,"column":59},"end":{"line":482,"column":18}},"121":{"start":{"line":470,"column":39},"end":{"line":470,"column":null}},"122":{"start":{"line":471,"column":20},"end":{"line":473,"column":null}},"123":{"start":{"line":472,"column":22},"end":{"line":472,"column":null}},"124":{"start":{"line":474,"column":20},"end":{"line":474,"column":null}},"125":{"start":{"line":488,"column":41},"end":{"line":488,"column":null}},"126":{"start":{"line":489,"column":46},"end":{"line":503,"column":null}},"127":{"start":{"line":498,"column":69},"end":{"line":502,"column":28}},"128":{"start":{"line":505,"column":61},"end":{"line":515,"column":null}},"129":{"start":{"line":510,"column":65},"end":{"line":514,"column":24}},"130":{"start":{"line":516,"column":20},"end":{"line":516,"column":null}},"131":{"start":{"line":519,"column":18},"end":{"line":519,"column":null}},"132":{"start":{"line":524,"column":36},"end":{"line":524,"column":null}},"133":{"start":{"line":527,"column":31},"end":{"line":527,"column":null}},"134":{"start":{"line":528,"column":16},"end":{"line":528,"column":null}},"135":{"start":{"line":529,"column":16},"end":{"line":529,"column":null}},"136":{"start":{"line":531,"column":16},"end":{"line":531,"column":null}},"137":{"start":{"line":535,"column":30},"end":{"line":535,"column":null}},"138":{"start":{"line":536,"column":16},"end":{"line":539,"column":null}},"139":{"start":{"line":537,"column":18},"end":{"line":537,"column":null}},"140":{"start":{"line":538,"column":18},"end":{"line":538,"column":null}},"141":{"start":{"line":543,"column":14},"end":{"line":543,"column":null}},"142":{"start":{"line":549,"column":27},"end":{"line":549,"column":null}},"143":{"start":{"line":551,"column":12},"end":{"line":551,"column":null}},"144":{"start":{"line":553,"column":10},"end":{"line":569,"column":null}},"145":{"start":{"line":557,"column":29},"end":{"line":557,"column":null}},"146":{"start":{"line":558,"column":12},"end":{"line":560,"column":null}},"147":{"start":{"line":561,"column":54},"end":{"line":567,"column":null}},"148":{"start":{"line":568,"column":12},"end":{"line":568,"column":null}},"149":{"start":{"line":572,"column":10},"end":{"line":572,"column":null}},"150":{"start":{"line":579,"column":10},"end":{"line":583,"column":null}},"151":{"start":{"line":586,"column":26},"end":{"line":586,"column":null}},"152":{"start":{"line":590,"column":10},"end":{"line":649,"column":null}},"153":{"start":{"line":593,"column":32},"end":{"line":593,"column":null}},"154":{"start":{"line":594,"column":34},"end":{"line":594,"column":null}},"155":{"start":{"line":595,"column":12},"end":{"line":620,"column":null}},"156":{"start":{"line":596,"column":35},"end":{"line":596,"column":null}},"157":{"start":{"line":598,"column":14},"end":{"line":604,"column":null}},"158":{"start":{"line":606,"column":55},"end":{"line":618,"column":null}},"159":{"start":{"line":619,"column":14},"end":{"line":619,"column":null}},"160":{"start":{"line":623,"column":12},"end":{"line":648,"column":null}},"161":{"start":{"line":624,"column":35},"end":{"line":624,"column":null}},"162":{"start":{"line":626,"column":14},"end":{"line":632,"column":null}},"163":{"start":{"line":634,"column":55},"end":{"line":646,"column":null}},"164":{"start":{"line":647,"column":14},"end":{"line":647,"column":null}},"165":{"start":{"line":652,"column":35},"end":{"line":654,"column":null}},"166":{"start":{"line":661,"column":10},"end":{"line":736,"column":null}},"167":{"start":{"line":662,"column":12},"end":{"line":664,"column":null}},"168":{"start":{"line":666,"column":12},"end":{"line":733,"column":null}},"169":{"start":{"line":671,"column":36},"end":{"line":676,"column":null}},"170":{"start":{"line":672,"column":32},"end":{"line":672,"column":null}},"171":{"start":{"line":675,"column":16},"end":{"line":675,"column":null}},"172":{"start":{"line":677,"column":35},"end":{"line":677,"column":null}},"173":{"start":{"line":681,"column":14},"end":{"line":698,"column":null}},"174":{"start":{"line":682,"column":59},"end":{"line":697,"column":18}},"175":{"start":{"line":685,"column":39},"end":{"line":685,"column":null}},"176":{"start":{"line":686,"column":20},"end":{"line":688,"column":null}},"177":{"start":{"line":687,"column":22},"end":{"line":687,"column":null}},"178":{"start":{"line":689,"column":20},"end":{"line":689,"column":null}},"179":{"start":{"line":704,"column":35},"end":{"line":704,"column":null}},"180":{"start":{"line":705,"column":40},"end":{"line":719,"column":null}},"181":{"start":{"line":714,"column":63},"end":{"line":718,"column":22}},"182":{"start":{"line":721,"column":55},"end":{"line":731,"column":null}},"183":{"start":{"line":726,"column":59},"end":{"line":730,"column":18}},"184":{"start":{"line":732,"column":14},"end":{"line":732,"column":null}},"185":{"start":{"line":735,"column":12},"end":{"line":735,"column":null}},"186":{"start":{"line":740,"column":30},"end":{"line":740,"column":null}},"187":{"start":{"line":743,"column":25},"end":{"line":743,"column":null}},"188":{"start":{"line":745,"column":10},"end":{"line":745,"column":null}},"189":{"start":{"line":746,"column":10},"end":{"line":746,"column":null}},"190":{"start":{"line":750,"column":10},"end":{"line":760,"column":null}},"191":{"start":{"line":759,"column":12},"end":{"line":759,"column":null}},"192":{"start":{"line":765,"column":31},"end":{"line":765,"column":null}},"193":{"start":{"line":768,"column":10},"end":{"line":776,"column":null}},"194":{"start":{"line":779,"column":37},"end":{"line":779,"column":null}},"195":{"start":{"line":780,"column":10},"end":{"line":808,"column":null}},"196":{"start":{"line":781,"column":33},"end":{"line":781,"column":null}},"197":{"start":{"line":782,"column":12},"end":{"line":807,"column":null}},"198":{"start":{"line":786,"column":14},"end":{"line":786,"column":null}},"199":{"start":{"line":787,"column":12},"end":{"line":807,"column":null}},"200":{"start":{"line":791,"column":14},"end":{"line":791,"column":null}},"201":{"start":{"line":792,"column":12},"end":{"line":807,"column":null}},"202":{"start":{"line":796,"column":14},"end":{"line":796,"column":null}},"203":{"start":{"line":797,"column":12},"end":{"line":807,"column":null}},"204":{"start":{"line":801,"column":14},"end":{"line":801,"column":null}},"205":{"start":{"line":802,"column":12},"end":{"line":807,"column":null}},"206":{"start":{"line":806,"column":14},"end":{"line":806,"column":null}},"207":{"start":{"line":811,"column":12},"end":{"line":827,"column":null}},"208":{"start":{"line":829,"column":10},"end":{"line":829,"column":null}},"209":{"start":{"line":834,"column":4},"end":{"line":834,"column":null}},"210":{"start":{"line":844,"column":4},"end":{"line":844,"column":null}},"211":{"start":{"line":845,"column":4},"end":{"line":845,"column":null}},"212":{"start":{"line":856,"column":4},"end":{"line":933,"column":null}},"213":{"start":{"line":858,"column":6},"end":{"line":898,"column":null}},"214":{"start":{"line":860,"column":8},"end":{"line":879,"column":null}},"215":{"start":{"line":865,"column":29},"end":{"line":876,"column":null}},"216":{"start":{"line":878,"column":10},"end":{"line":878,"column":null}},"217":{"start":{"line":882,"column":8},"end":{"line":890,"column":null}},"218":{"start":{"line":889,"column":10},"end":{"line":889,"column":null}},"219":{"start":{"line":893,"column":8},"end":{"line":895,"column":null}},"220":{"start":{"line":894,"column":10},"end":{"line":894,"column":null}},"221":{"start":{"line":897,"column":8},"end":{"line":897,"column":null}},"222":{"start":{"line":901,"column":6},"end":{"line":930,"column":null}},"223":{"start":{"line":902,"column":8},"end":{"line":904,"column":null}},"224":{"start":{"line":903,"column":10},"end":{"line":903,"column":null}},"225":{"start":{"line":903,"column":35},"end":{"line":903,"column":63}},"226":{"start":{"line":909,"column":10},"end":{"line":909,"column":null}},"227":{"start":{"line":911,"column":51},"end":{"line":911,"column":null}},"228":{"start":{"line":912,"column":8},"end":{"line":928,"column":null}},"229":{"start":{"line":914,"column":10},"end":{"line":927,"column":null}},"230":{"start":{"line":916,"column":12},"end":{"line":916,"column":null}},"231":{"start":{"line":917,"column":10},"end":{"line":927,"column":null}},"232":{"start":{"line":919,"column":35},"end":{"line":919,"column":null}},"233":{"start":{"line":920,"column":12},"end":{"line":920,"column":null}},"234":{"start":{"line":921,"column":10},"end":{"line":927,"column":null}},"235":{"start":{"line":923,"column":12},"end":{"line":923,"column":null}},"236":{"start":{"line":926,"column":12},"end":{"line":926,"column":null}},"237":{"start":{"line":929,"column":8},"end":{"line":929,"column":null}},"238":{"start":{"line":932,"column":6},"end":{"line":932,"column":null}}},"fnMap":{"0":{"name":"(anonymous_0)","decl":{"start":{"line":19,"column":39},"end":{"line":19,"column":40}},"loc":{"start":{"line":19,"column":56},"end":{"line":27,"column":null}},"line":19},"1":{"name":"(anonymous_1)","decl":{"start":{"line":96,"column":17},"end":{"line":96,"column":32}},"loc":{"start":{"line":96,"column":81},"end":{"line":163,"column":null}},"line":96},"2":{"name":"(anonymous_2)","decl":{"start":{"line":175,"column":17},"end":{"line":175,"column":26}},"loc":{"start":{"line":175,"column":47},"end":{"line":184,"column":null}},"line":175},"3":{"name":"(anonymous_3)","decl":{"start":{"line":222,"column":12},"end":{"line":222,"column":null}},"loc":{"start":{"line":232,"column":10},"end":{"line":835,"column":null}},"line":232},"4":{"name":"(anonymous_4)","decl":{"start":{"line":245,"column":6},"end":{"line":245,"column":13}},"loc":{"start":{"line":245,"column":63},"end":{"line":831,"column":null}},"line":245},"5":{"name":"(anonymous_5)","decl":{"start":{"line":263,"column":25},"end":{"line":263,"column":31}},"loc":{"start":{"line":263,"column":31},"end":{"line":305,"column":13}},"line":263},"6":{"name":"(anonymous_6)","decl":{"start":{"line":355,"column":51},"end":{"line":355,"column":52}},"loc":{"start":{"line":355,"column":72},"end":{"line":358,"column":15}},"line":355},"7":{"name":"(anonymous_7)","decl":{"start":{"line":365,"column":43},"end":{"line":365,"column":49}},"loc":{"start":{"line":365,"column":49},"end":{"line":374,"column":17}},"line":365},"8":{"name":"(anonymous_8)","decl":{"start":{"line":388,"column":15},"end":{"line":388,"column":27}},"loc":{"start":{"line":388,"column":27},"end":{"line":541,"column":17}},"line":388},"9":{"name":"(anonymous_9)","decl":{"start":{"line":456,"column":69},"end":{"line":456,"column":70}},"loc":{"start":{"line":456,"column":76},"end":{"line":461,"column":21}},"line":456},"10":{"name":"(anonymous_10)","decl":{"start":{"line":467,"column":51},"end":{"line":467,"column":52}},"loc":{"start":{"line":467,"column":59},"end":{"line":482,"column":18}},"line":467},"11":{"name":"(anonymous_11)","decl":{"start":{"line":468,"column":35},"end":{"line":468,"column":46}},"loc":{"start":{"line":468,"column":46},"end":{"line":475,"column":19}},"line":468},"12":{"name":"(anonymous_12)","decl":{"start":{"line":498,"column":61},"end":{"line":498,"column":62}},"loc":{"start":{"line":498,"column":69},"end":{"line":502,"column":28}},"line":498},"13":{"name":"(anonymous_13)","decl":{"start":{"line":510,"column":57},"end":{"line":510,"column":58}},"loc":{"start":{"line":510,"column":65},"end":{"line":514,"column":24}},"line":510},"14":{"name":"(anonymous_14)","decl":{"start":{"line":671,"column":63},"end":{"line":671,"column":64}},"loc":{"start":{"line":671,"column":70},"end":{"line":676,"column":15}},"line":671},"15":{"name":"(anonymous_15)","decl":{"start":{"line":682,"column":51},"end":{"line":682,"column":52}},"loc":{"start":{"line":682,"column":59},"end":{"line":697,"column":18}},"line":682},"16":{"name":"(anonymous_16)","decl":{"start":{"line":683,"column":35},"end":{"line":683,"column":46}},"loc":{"start":{"line":683,"column":46},"end":{"line":690,"column":19}},"line":683},"17":{"name":"(anonymous_17)","decl":{"start":{"line":714,"column":55},"end":{"line":714,"column":56}},"loc":{"start":{"line":714,"column":63},"end":{"line":718,"column":22}},"line":714},"18":{"name":"(anonymous_18)","decl":{"start":{"line":726,"column":51},"end":{"line":726,"column":52}},"loc":{"start":{"line":726,"column":59},"end":{"line":730,"column":18}},"line":726},"19":{"name":"(anonymous_19)","decl":{"start":{"line":843,"column":12},"end":{"line":843,"column":26}},"loc":{"start":{"line":843,"column":49},"end":{"line":846,"column":null}},"line":843},"20":{"name":"(anonymous_20)","decl":{"start":{"line":855,"column":12},"end":{"line":855,"column":25}},"loc":{"start":{"line":855,"column":53},"end":{"line":934,"column":null}},"line":855},"21":{"name":"(anonymous_21)","decl":{"start":{"line":856,"column":20},"end":{"line":856,"column":21}},"loc":{"start":{"line":856,"column":29},"end":{"line":933,"column":5}},"line":856},"22":{"name":"(anonymous_22)","decl":{"start":{"line":903,"column":25},"end":{"line":903,"column":26}},"loc":{"start":{"line":903,"column":35},"end":{"line":903,"column":63}},"line":903}},"branchMap":{"0":{"loc":{"start":{"line":98,"column":4},"end":{"line":100,"column":null}},"type":"if","locations":[{"start":{"line":98,"column":4},"end":{"line":100,"column":null}},{"start":{},"end":{}}],"line":98},"1":{"loc":{"start":{"line":103,"column":4},"end":{"line":143,"column":null}},"type":"if","locations":[{"start":{"line":103,"column":4},"end":{"line":143,"column":null}},{"start":{},"end":{}}],"line":103},"2":{"loc":{"start":{"line":105,"column":6},"end":{"line":107,"column":null}},"type":"if","locations":[{"start":{"line":105,"column":6},"end":{"line":107,"column":null}},{"start":{},"end":{}}],"line":105},"3":{"loc":{"start":{"line":105,"column":10},"end":{"line":105,"column":45}},"type":"binary-expr","locations":[{"start":{"line":105,"column":10},"end":{"line":105,"column":26}},{"start":{"line":105,"column":26},"end":{"line":105,"column":45}}],"line":105},"4":{"loc":{"start":{"line":110,"column":6},"end":{"line":126,"column":null}},"type":"if","locations":[{"start":{"line":110,"column":6},"end":{"line":126,"column":null}},{"start":{},"end":{}}],"line":110},"5":{"loc":{"start":{"line":110,"column":10},"end":{"line":110,"column":51}},"type":"binary-expr","locations":[{"start":{"line":110,"column":10},"end":{"line":110,"column":37}},{"start":{"line":110,"column":37},"end":{"line":110,"column":51}}],"line":110},"6":{"loc":{"start":{"line":112,"column":8},"end":{"line":114,"column":null}},"type":"if","locations":[{"start":{"line":112,"column":8},"end":{"line":114,"column":null}},{"start":{},"end":{}}],"line":112},"7":{"loc":{"start":{"line":112,"column":12},"end":{"line":112,"column":55}},"type":"binary-expr","locations":[{"start":{"line":112,"column":12},"end":{"line":112,"column":27}},{"start":{"line":112,"column":27},"end":{"line":112,"column":55}}],"line":112},"8":{"loc":{"start":{"line":115,"column":8},"end":{"line":117,"column":null}},"type":"if","locations":[{"start":{"line":115,"column":8},"end":{"line":117,"column":null}},{"start":{},"end":{}}],"line":115},"9":{"loc":{"start":{"line":115,"column":12},"end":{"line":115,"column":59}},"type":"binary-expr","locations":[{"start":{"line":115,"column":12},"end":{"line":115,"column":29}},{"start":{"line":115,"column":29},"end":{"line":115,"column":59}}],"line":115},"10":{"loc":{"start":{"line":137,"column":6},"end":{"line":140,"column":null}},"type":"if","locations":[{"start":{"line":137,"column":6},"end":{"line":140,"column":null}},{"start":{},"end":{}}],"line":137},"11":{"loc":{"start":{"line":147,"column":4},"end":{"line":154,"column":null}},"type":"if","locations":[{"start":{"line":147,"column":4},"end":{"line":154,"column":null}},{"start":{},"end":{}}],"line":147},"12":{"loc":{"start":{"line":148,"column":6},"end":{"line":151,"column":null}},"type":"binary-expr","locations":[{"start":{"line":148,"column":6},"end":{"line":148,"column":null}},{"start":{"line":149,"column":6},"end":{"line":149,"column":null}},{"start":{"line":150,"column":6},"end":{"line":150,"column":null}},{"start":{"line":151,"column":6},"end":{"line":151,"column":null}}],"line":148},"13":{"loc":{"start":{"line":255,"column":10},"end":{"line":306,"column":null}},"type":"if","locations":[{"start":{"line":255,"column":10},"end":{"line":306,"column":null}},{"start":{},"end":{}}],"line":255},"14":{"loc":{"start":{"line":256,"column":12},"end":{"line":257,"column":null}},"type":"binary-expr","locations":[{"start":{"line":256,"column":12},"end":{"line":256,"column":null}},{"start":{"line":257,"column":12},"end":{"line":257,"column":null}}],"line":256},"15":{"loc":{"start":{"line":272,"column":16},"end":{"line":274,"column":null}},"type":"if","locations":[{"start":{"line":272,"column":16},"end":{"line":274,"column":null}},{"start":{},"end":{}}],"line":272},"16":{"loc":{"start":{"line":288,"column":16},"end":{"line":290,"column":null}},"type":"if","locations":[{"start":{"line":288,"column":16},"end":{"line":290,"column":null}},{"start":{},"end":{}}],"line":288},"17":{"loc":{"start":{"line":296,"column":16},"end":{"line":303,"column":null}},"type":"if","locations":[{"start":{"line":296,"column":16},"end":{"line":303,"column":null}},{"start":{},"end":{}}],"line":296},"18":{"loc":{"start":{"line":315,"column":10},"end":{"line":545,"column":null}},"type":"if","locations":[{"start":{"line":315,"column":10},"end":{"line":545,"column":null}},{"start":{},"end":{}}],"line":315},"19":{"loc":{"start":{"line":321,"column":12},"end":{"line":544,"column":null}},"type":"if","locations":[{"start":{"line":321,"column":12},"end":{"line":544,"column":null}},{"start":{"line":326,"column":19},"end":{"line":544,"column":null}}],"line":321},"20":{"loc":{"start":{"line":330,"column":14},"end":{"line":349,"column":null}},"type":"if","locations":[{"start":{"line":330,"column":14},"end":{"line":349,"column":null}},{"start":{},"end":{}}],"line":330},"21":{"loc":{"start":{"line":333,"column":16},"end":{"line":348,"column":null}},"type":"if","locations":[{"start":{"line":333,"column":16},"end":{"line":348,"column":null}},{"start":{"line":341,"column":23},"end":{"line":348,"column":null}}],"line":333},"22":{"loc":{"start":{"line":367,"column":16},"end":{"line":373,"column":null}},"type":"if","locations":[{"start":{"line":367,"column":16},"end":{"line":373,"column":null}},{"start":{},"end":{}}],"line":367},"23":{"loc":{"start":{"line":367,"column":20},"end":{"line":367,"column":104}},"type":"binary-expr","locations":[{"start":{"line":367,"column":20},"end":{"line":367,"column":29}},{"start":{"line":367,"column":29},"end":{"line":367,"column":104}}],"line":367},"24":{"loc":{"start":{"line":394,"column":20},"end":{"line":394,"column":null}},"type":"cond-expr","locations":[{"start":{"line":394,"column":40},"end":{"line":394,"column":46}},{"start":{"line":394,"column":46},"end":{"line":394,"column":null}}],"line":394},"25":{"loc":{"start":{"line":402,"column":16},"end":{"line":434,"column":null}},"type":"if","locations":[{"start":{"line":402,"column":16},"end":{"line":434,"column":null}},{"start":{"line":419,"column":23},"end":{"line":434,"column":null}}],"line":402},"26":{"loc":{"start":{"line":405,"column":18},"end":{"line":418,"column":null}},"type":"if","locations":[{"start":{"line":405,"column":18},"end":{"line":418,"column":null}},{"start":{},"end":{}}],"line":405},"27":{"loc":{"start":{"line":420,"column":18},"end":{"line":433,"column":null}},"type":"if","locations":[{"start":{"line":420,"column":18},"end":{"line":433,"column":null}},{"start":{},"end":{}}],"line":420},"28":{"loc":{"start":{"line":437,"column":41},"end":{"line":439,"column":null}},"type":"cond-expr","locations":[{"start":{"line":438,"column":20},"end":{"line":438,"column":null}},{"start":{"line":439,"column":20},"end":{"line":439,"column":null}}],"line":437},"29":{"loc":{"start":{"line":451,"column":18},"end":{"line":517,"column":null}},"type":"if","locations":[{"start":{"line":451,"column":18},"end":{"line":517,"column":null}},{"start":{},"end":{}}],"line":451},"30":{"loc":{"start":{"line":457,"column":38},"end":{"line":457,"column":null}},"type":"cond-expr","locations":[{"start":{"line":457,"column":58},"end":{"line":457,"column":93}},{"start":{"line":457,"column":93},"end":{"line":457,"column":null}}],"line":457},"31":{"loc":{"start":{"line":471,"column":20},"end":{"line":473,"column":null}},"type":"if","locations":[{"start":{"line":471,"column":20},"end":{"line":473,"column":null}},{"start":{},"end":{}}],"line":471},"32":{"loc":{"start":{"line":489,"column":46},"end":{"line":503,"column":null}},"type":"cond-expr","locations":[{"start":{"line":490,"column":24},"end":{"line":494,"column":null}},{"start":{"line":495,"column":24},"end":{"line":503,"column":null}}],"line":489},"33":{"loc":{"start":{"line":524,"column":36},"end":{"line":524,"column":null}},"type":"cond-expr","locations":[{"start":{"line":524,"column":46},"end":{"line":524,"column":62}},{"start":{"line":524,"column":62},"end":{"line":524,"column":null}}],"line":524},"34":{"loc":{"start":{"line":536,"column":16},"end":{"line":539,"column":null}},"type":"if","locations":[{"start":{"line":536,"column":16},"end":{"line":539,"column":null}},{"start":{},"end":{}}],"line":536},"35":{"loc":{"start":{"line":551,"column":12},"end":{"line":551,"column":null}},"type":"cond-expr","locations":[{"start":{"line":551,"column":37},"end":{"line":551,"column":54}},{"start":{"line":551,"column":54},"end":{"line":551,"column":null}}],"line":551},"36":{"loc":{"start":{"line":553,"column":10},"end":{"line":569,"column":null}},"type":"if","locations":[{"start":{"line":553,"column":10},"end":{"line":569,"column":null}},{"start":{},"end":{}}],"line":553},"37":{"loc":{"start":{"line":554,"column":12},"end":{"line":555,"column":null}},"type":"binary-expr","locations":[{"start":{"line":554,"column":12},"end":{"line":554,"column":null}},{"start":{"line":555,"column":12},"end":{"line":555,"column":null}}],"line":554},"38":{"loc":{"start":{"line":581,"column":14},"end":{"line":581,"column":null}},"type":"cond-expr","locations":[{"start":{"line":581,"column":34},"end":{"line":581,"column":40}},{"start":{"line":581,"column":40},"end":{"line":581,"column":null}}],"line":581},"39":{"loc":{"start":{"line":590,"column":10},"end":{"line":649,"column":null}},"type":"if","locations":[{"start":{"line":590,"column":10},"end":{"line":649,"column":null}},{"start":{"line":621,"column":17},"end":{"line":649,"column":null}}],"line":590},"40":{"loc":{"start":{"line":595,"column":12},"end":{"line":620,"column":null}},"type":"if","locations":[{"start":{"line":595,"column":12},"end":{"line":620,"column":null}},{"start":{},"end":{}}],"line":595},"41":{"loc":{"start":{"line":623,"column":12},"end":{"line":648,"column":null}},"type":"if","locations":[{"start":{"line":623,"column":12},"end":{"line":648,"column":null}},{"start":{},"end":{}}],"line":623},"42":{"loc":{"start":{"line":652,"column":35},"end":{"line":654,"column":null}},"type":"cond-expr","locations":[{"start":{"line":653,"column":14},"end":{"line":653,"column":null}},{"start":{"line":654,"column":14},"end":{"line":654,"column":null}}],"line":652},"43":{"loc":{"start":{"line":666,"column":12},"end":{"line":733,"column":null}},"type":"if","locations":[{"start":{"line":666,"column":12},"end":{"line":733,"column":null}},{"start":{},"end":{}}],"line":666},"44":{"loc":{"start":{"line":672,"column":32},"end":{"line":672,"column":null}},"type":"cond-expr","locations":[{"start":{"line":672,"column":52},"end":{"line":672,"column":87}},{"start":{"line":672,"column":87},"end":{"line":672,"column":null}}],"line":672},"45":{"loc":{"start":{"line":686,"column":20},"end":{"line":688,"column":null}},"type":"if","locations":[{"start":{"line":686,"column":20},"end":{"line":688,"column":null}},{"start":{},"end":{}}],"line":686},"46":{"loc":{"start":{"line":705,"column":40},"end":{"line":719,"column":null}},"type":"cond-expr","locations":[{"start":{"line":706,"column":18},"end":{"line":710,"column":null}},{"start":{"line":711,"column":18},"end":{"line":719,"column":null}}],"line":705},"47":{"loc":{"start":{"line":740,"column":30},"end":{"line":740,"column":null}},"type":"cond-expr","locations":[{"start":{"line":740,"column":40},"end":{"line":740,"column":56}},{"start":{"line":740,"column":56},"end":{"line":740,"column":null}}],"line":740},"48":{"loc":{"start":{"line":750,"column":10},"end":{"line":760,"column":null}},"type":"if","locations":[{"start":{"line":750,"column":10},"end":{"line":760,"column":null}},{"start":{},"end":{}}],"line":750},"49":{"loc":{"start":{"line":751,"column":12},"end":{"line":755,"column":null}},"type":"binary-expr","locations":[{"start":{"line":751,"column":12},"end":{"line":751,"column":null}},{"start":{"line":752,"column":12},"end":{"line":752,"column":null}},{"start":{"line":753,"column":12},"end":{"line":753,"column":null}},{"start":{"line":754,"column":12},"end":{"line":754,"column":null}},{"start":{"line":755,"column":12},"end":{"line":755,"column":null}}],"line":751},"50":{"loc":{"start":{"line":769,"column":21},"end":{"line":769,"column":null}},"type":"cond-expr","locations":[{"start":{"line":769,"column":46},"end":{"line":769,"column":62}},{"start":{"line":769,"column":62},"end":{"line":769,"column":null}}],"line":769},"51":{"loc":{"start":{"line":770,"column":19},"end":{"line":774,"column":null}},"type":"cond-expr","locations":[{"start":{"line":771,"column":16},"end":{"line":771,"column":null}},{"start":{"line":772,"column":16},"end":{"line":774,"column":null}}],"line":770},"52":{"loc":{"start":{"line":772,"column":16},"end":{"line":774,"column":null}},"type":"cond-expr","locations":[{"start":{"line":773,"column":16},"end":{"line":773,"column":null}},{"start":{"line":774,"column":16},"end":{"line":774,"column":null}}],"line":772},"53":{"loc":{"start":{"line":780,"column":10},"end":{"line":808,"column":null}},"type":"if","locations":[{"start":{"line":780,"column":10},"end":{"line":808,"column":null}},{"start":{},"end":{}}],"line":780},"54":{"loc":{"start":{"line":782,"column":12},"end":{"line":807,"column":null}},"type":"if","locations":[{"start":{"line":782,"column":12},"end":{"line":807,"column":null}},{"start":{"line":787,"column":12},"end":{"line":807,"column":null}}],"line":782},"55":{"loc":{"start":{"line":783,"column":14},"end":{"line":784,"column":null}},"type":"binary-expr","locations":[{"start":{"line":783,"column":14},"end":{"line":783,"column":null}},{"start":{"line":784,"column":14},"end":{"line":784,"column":null}}],"line":783},"56":{"loc":{"start":{"line":787,"column":12},"end":{"line":807,"column":null}},"type":"if","locations":[{"start":{"line":787,"column":12},"end":{"line":807,"column":null}},{"start":{"line":792,"column":12},"end":{"line":807,"column":null}}],"line":787},"57":{"loc":{"start":{"line":788,"column":14},"end":{"line":789,"column":null}},"type":"binary-expr","locations":[{"start":{"line":788,"column":14},"end":{"line":788,"column":null}},{"start":{"line":789,"column":14},"end":{"line":789,"column":null}}],"line":788},"58":{"loc":{"start":{"line":792,"column":12},"end":{"line":807,"column":null}},"type":"if","locations":[{"start":{"line":792,"column":12},"end":{"line":807,"column":null}},{"start":{"line":797,"column":12},"end":{"line":807,"column":null}}],"line":792},"59":{"loc":{"start":{"line":793,"column":14},"end":{"line":794,"column":null}},"type":"binary-expr","locations":[{"start":{"line":793,"column":14},"end":{"line":793,"column":null}},{"start":{"line":794,"column":14},"end":{"line":794,"column":null}}],"line":793},"60":{"loc":{"start":{"line":797,"column":12},"end":{"line":807,"column":null}},"type":"if","locations":[{"start":{"line":797,"column":12},"end":{"line":807,"column":null}},{"start":{"line":802,"column":12},"end":{"line":807,"column":null}}],"line":797},"61":{"loc":{"start":{"line":798,"column":14},"end":{"line":799,"column":null}},"type":"binary-expr","locations":[{"start":{"line":798,"column":14},"end":{"line":798,"column":null}},{"start":{"line":799,"column":14},"end":{"line":799,"column":null}}],"line":798},"62":{"loc":{"start":{"line":802,"column":12},"end":{"line":807,"column":null}},"type":"if","locations":[{"start":{"line":802,"column":12},"end":{"line":807,"column":null}},{"start":{},"end":{}}],"line":802},"63":{"loc":{"start":{"line":803,"column":14},"end":{"line":804,"column":null}},"type":"binary-expr","locations":[{"start":{"line":803,"column":14},"end":{"line":803,"column":null}},{"start":{"line":804,"column":14},"end":{"line":804,"column":null}}],"line":803},"64":{"loc":{"start":{"line":811,"column":12},"end":{"line":827,"column":null}},"type":"cond-expr","locations":[{"start":{"line":812,"column":16},"end":{"line":820,"column":null}},{"start":{"line":821,"column":16},"end":{"line":827,"column":null}}],"line":811},"65":{"loc":{"start":{"line":813,"column":27},"end":{"line":813,"column":null}},"type":"binary-expr","locations":[{"start":{"line":813,"column":27},"end":{"line":813,"column":44}},{"start":{"line":813,"column":44},"end":{"line":813,"column":null}}],"line":813},"66":{"loc":{"start":{"line":815,"column":25},"end":{"line":815,"column":null}},"type":"cond-expr","locations":[{"start":{"line":815,"column":40},"end":{"line":815,"column":52}},{"start":{"line":815,"column":52},"end":{"line":815,"column":null}}],"line":815},"67":{"loc":{"start":{"line":818,"column":33},"end":{"line":818,"column":null}},"type":"cond-expr","locations":[{"start":{"line":818,"column":48},"end":{"line":818,"column":60}},{"start":{"line":818,"column":60},"end":{"line":818,"column":null}}],"line":818},"68":{"loc":{"start":{"line":822,"column":27},"end":{"line":822,"column":null}},"type":"binary-expr","locations":[{"start":{"line":822,"column":27},"end":{"line":822,"column":44}},{"start":{"line":822,"column":44},"end":{"line":822,"column":null}}],"line":822},"69":{"loc":{"start":{"line":825,"column":33},"end":{"line":825,"column":null}},"type":"cond-expr","locations":[{"start":{"line":825,"column":48},"end":{"line":825,"column":60}},{"start":{"line":825,"column":60},"end":{"line":825,"column":null}}],"line":825},"70":{"loc":{"start":{"line":858,"column":6},"end":{"line":898,"column":null}},"type":"if","locations":[{"start":{"line":858,"column":6},"end":{"line":898,"column":null}},{"start":{},"end":{}}],"line":858},"71":{"loc":{"start":{"line":860,"column":8},"end":{"line":879,"column":null}},"type":"if","locations":[{"start":{"line":860,"column":8},"end":{"line":879,"column":null}},{"start":{},"end":{}}],"line":860},"72":{"loc":{"start":{"line":882,"column":8},"end":{"line":890,"column":null}},"type":"if","locations":[{"start":{"line":882,"column":8},"end":{"line":890,"column":null}},{"start":{},"end":{}}],"line":882},"73":{"loc":{"start":{"line":883,"column":10},"end":{"line":887,"column":null}},"type":"binary-expr","locations":[{"start":{"line":883,"column":10},"end":{"line":885,"column":null}},{"start":{"line":886,"column":10},"end":{"line":886,"column":null}},{"start":{"line":887,"column":10},"end":{"line":887,"column":null}}],"line":883},"74":{"loc":{"start":{"line":893,"column":8},"end":{"line":895,"column":null}},"type":"if","locations":[{"start":{"line":893,"column":8},"end":{"line":895,"column":null}},{"start":{},"end":{}}],"line":893},"75":{"loc":{"start":{"line":901,"column":6},"end":{"line":930,"column":null}},"type":"if","locations":[{"start":{"line":901,"column":6},"end":{"line":930,"column":null}},{"start":{},"end":{}}],"line":901},"76":{"loc":{"start":{"line":901,"column":10},"end":{"line":901,"column":51}},"type":"binary-expr","locations":[{"start":{"line":901,"column":10},"end":{"line":901,"column":37}},{"start":{"line":901,"column":37},"end":{"line":901,"column":51}}],"line":901},"77":{"loc":{"start":{"line":902,"column":8},"end":{"line":904,"column":null}},"type":"if","locations":[{"start":{"line":902,"column":8},"end":{"line":904,"column":null}},{"start":{},"end":{}}],"line":902},"78":{"loc":{"start":{"line":914,"column":10},"end":{"line":927,"column":null}},"type":"if","locations":[{"start":{"line":914,"column":10},"end":{"line":927,"column":null}},{"start":{"line":917,"column":10},"end":{"line":927,"column":null}}],"line":914},"79":{"loc":{"start":{"line":917,"column":10},"end":{"line":927,"column":null}},"type":"if","locations":[{"start":{"line":917,"column":10},"end":{"line":927,"column":null}},{"start":{"line":921,"column":10},"end":{"line":927,"column":null}}],"line":917},"80":{"loc":{"start":{"line":917,"column":21},"end":{"line":917,"column":68}},"type":"binary-expr","locations":[{"start":{"line":917,"column":21},"end":{"line":917,"column":50}},{"start":{"line":917,"column":50},"end":{"line":917,"column":68}}],"line":917},"81":{"loc":{"start":{"line":921,"column":10},"end":{"line":927,"column":null}},"type":"if","locations":[{"start":{"line":921,"column":10},"end":{"line":927,"column":null}},{"start":{"line":924,"column":17},"end":{"line":927,"column":null}}],"line":921},"82":{"loc":{"start":{"line":921,"column":21},"end":{"line":921,"column":66}},"type":"binary-expr","locations":[{"start":{"line":921,"column":21},"end":{"line":921,"column":50}},{"start":{"line":921,"column":50},"end":{"line":921,"column":66}}],"line":921}},"s":{"0":3,"1":0,"2":0,"3":0,"4":3,"5":3,"6":3,"7":3,"8":3,"9":3,"10":3,"11":0,"12":0,"13":0,"14":0,"15":0,"16":0,"17":0,"18":0,"19":0,"20":0,"21":0,"22":0,"23":0,"24":0,"25":0,"26":0,"27":0,"28":0,"29":0,"30":0,"31":0,"32":0,"33":0,"34":0,"35":0,"36":0,"37":0,"38":0,"39":0,"40":0,"41":7,"42":7,"43":7,"44":0,"45":7,"46":1,"47":1,"48":1,"49":1,"50":0,"51":0,"52":0,"53":0,"54":0,"55":0,"56":0,"57":0,"58":0,"59":0,"60":0,"61":0,"62":0,"63":0,"64":0,"65":0,"66":0,"67":0,"68":0,"69":0,"70":0,"71":1,"72":1,"73":0,"74":0,"75":0,"76":0,"77":0,"78":0,"79":0,"80":0,"81":0,"82":0,"83":0,"84":0,"85":0,"86":0,"87":0,"88":0,"89":0,"90":0,"91":0,"92":0,"93":0,"94":0,"95":0,"96":0,"97":0,"98":0,"99":0,"100":0,"101":0,"102":0,"103":0,"104":0,"105":0,"106":0,"107":0,"108":0,"109":0,"110":0,"111":0,"112":0,"113":0,"114":0,"115":0,"116":0,"117":0,"118":0,"119":0,"120":0,"121":0,"122":0,"123":0,"124":0,"125":0,"126":0,"127":0,"128":0,"129":0,"130":0,"131":0,"132":0,"133":0,"134":0,"135":0,"136":0,"137":0,"138":0,"139":0,"140":0,"141":0,"142":1,"143":1,"144":1,"145":0,"146":0,"147":0,"148":0,"149":1,"150":1,"151":1,"152":1,"153":1,"154":1,"155":1,"156":0,"157":0,"158":0,"159":0,"160":0,"161":0,"162":0,"163":0,"164":0,"165":1,"166":1,"167":1,"168":0,"169":0,"170":0,"171":0,"172":0,"173":0,"174":0,"175":0,"176":0,"177":0,"178":0,"179":0,"180":0,"181":0,"182":0,"183":0,"184":0,"185":0,"186":1,"187":1,"188":1,"189":1,"190":0,"191":0,"192":0,"193":0,"194":0,"195":0,"196":0,"197":0,"198":0,"199":0,"200":0,"201":0,"202":0,"203":0,"204":0,"205":0,"206":0,"207":0,"208":0,"209":7,"210":0,"211":0,"212":0,"213":0,"214":0,"215":0,"216":0,"217":0,"218":0,"219":0,"220":0,"221":0,"222":0,"223":0,"224":0,"225":0,"226":0,"227":0,"228":0,"229":0,"230":0,"231":0,"232":0,"233":0,"234":0,"235":0,"236":0,"237":0,"238":0},"f":{"0":0,"1":3,"2":3,"3":7,"4":1,"5":0,"6":0,"7":0,"8":0,"9":0,"10":0,"11":0,"12":0,"13":0,"14":0,"15":0,"16":0,"17":0,"18":0,"19":0,"20":0,"21":0,"22":0},"b":{"0":[0,0],"1":[0,0],"2":[0,0],"3":[0,0],"4":[0,0],"5":[0,0],"6":[0,0],"7":[0,0],"8":[0,0],"9":[0,0],"10":[0,0],"11":[0,0],"12":[0,0,0,0],"13":[0,1],"14":[1,0],"15":[0,0],"16":[0,0],"17":[0,0],"18":[0,1],"19":[0,0],"20":[0,0],"21":[0,0],"22":[0,0],"23":[0,0],"24":[0,0],"25":[0,0],"26":[0,0],"27":[0,0],"28":[0,0],"29":[0,0],"30":[0,0],"31":[0,0],"32":[0,0],"33":[0,0],"34":[0,0],"35":[0,1],"36":[0,1],"37":[1,0],"38":[0,1],"39":[1,0],"40":[0,1],"41":[0,0],"42":[1,0],"43":[0,0],"44":[0,0],"45":[0,0],"46":[0,0],"47":[1,0],"48":[0,0],"49":[0,0,0,0,0],"50":[0,0],"51":[0,0],"52":[0,0],"53":[0,0],"54":[0,0],"55":[0,0],"56":[0,0],"57":[0,0],"58":[0,0],"59":[0,0],"60":[0,0],"61":[0,0],"62":[0,0],"63":[0,0],"64":[0,0],"65":[0,0],"66":[0,0],"67":[0,0],"68":[0,0],"69":[0,0],"70":[0,0],"71":[0,0],"72":[0,0],"73":[0,0,0],"74":[0,0],"75":[0,0],"76":[0,0],"77":[0,0],"78":[0,0],"79":[0,0],"80":[0,0],"81":[0,0],"82":[0,0]},"meta":{"lastBranch":83,"lastFunction":23,"lastStatement":239,"seen":{"s:19:39:27:Infinity":0,"f:19:39:19:40":0,"s:20:25:20:Infinity":1,"s:24:20:24:Infinity":2,"s:26:2:26:Infinity":3,"s:61:40:61:Infinity":4,"s:67:47:74:Infinity":5,"s:78:56:78:Infinity":6,"s:188:40:188:Infinity":7,"s:191:44:191:Infinity":8,"s:196:51:196:Infinity":9,"s:197:29:197:Infinity":10,"f:96:17:96:32":1,"b:98:4:100:Infinity:undefined:undefined:undefined:undefined":0,"s:98:4:100:Infinity":11,"s:99:6:99:Infinity":12,"b:103:4:143:Infinity:undefined:undefined:undefined:undefined":1,"s:103:4:143:Infinity":13,"s:104:18:104:Infinity":14,"b:105:6:107:Infinity:undefined:undefined:undefined:undefined":2,"s:105:6:107:Infinity":15,"b:105:10:105:26:105:26:105:45":3,"s:106:8:106:Infinity":16,"b:110:6:126:Infinity:undefined:undefined:undefined:undefined":4,"s:110:6:126:Infinity":17,"b:110:10:110:37:110:37:110:51":5,"s:111:20:111:Infinity":18,"b:112:8:114:Infinity:undefined:undefined:undefined:undefined":6,"s:112:8:114:Infinity":19,"b:112:12:112:27:112:27:112:55":7,"s:113:10:113:Infinity":20,"b:115:8:117:Infinity:undefined:undefined:undefined:undefined":8,"s:115:8:117:Infinity":21,"b:115:12:115:29:115:29:115:59":9,"s:116:10:116:Infinity":22,"s:121:8:124:Infinity":23,"s:125:8:125:Infinity":24,"s:129:24:129:Infinity":25,"b:137:6:140:Infinity:undefined:undefined:undefined:undefined":10,"s:137:6:140:Infinity":26,"s:138:21:138:Infinity":27,"s:139:8:139:Infinity":28,"s:142:6:142:Infinity":29,"s:146:21:146:Infinity":30,"b:147:4:154:Infinity:undefined:undefined:undefined:undefined":11,"s:147:4:154:Infinity":31,"b:148:6:148:Infinity:149:6:149:Infinity:150:6:150:Infinity:151:6:151:Infinity":12,"s:153:6:153:Infinity":32,"s:158:4:161:Infinity":33,"s:162:4:162:Infinity":34,"f:175:17:175:26":2,"s:176:15:176:Infinity":35,"s:177:4:181:Infinity":36,"s:177:17:177:20":37,"s:178:6:178:Infinity":38,"s:180:6:180:Infinity":39,"s:183:4:183:Infinity":40,"f:222:12:222:Infinity":3,"s:235:4:241:Infinity":41,"s:236:6:236:Infinity":42,"s:237:6:237:Infinity":43,"s:240:6:240:Infinity":44,"s:243:4:832:Infinity":45,"f:245:6:245:13":4,"s:246:8:830:Infinity":46,"s:249:22:249:Infinity":47,"s:254:10:254:Infinity":48,"b:255:10:306:Infinity:undefined:undefined:undefined:undefined":13,"s:255:10:306:Infinity":49,"b:256:12:256:Infinity:257:12:257:Infinity":14,"s:259:12:259:Infinity":50,"s:263:12:305:Infinity":51,"f:263:25:263:31":5,"s:264:33:264:Infinity":52,"s:265:45:265:Infinity":53,"s:268:14:275:Infinity":54,"b:272:16:274:Infinity:undefined:undefined:undefined:undefined":15,"s:272:16:274:Infinity":55,"s:273:18:273:Infinity":56,"s:278:14:280:Infinity":57,"s:279:16:279:Infinity":58,"s:284:26:284:Infinity":59,"s:285:42:285:Infinity":60,"s:286:14:291:Infinity":61,"s:287:28:287:Infinity":62,"b:288:16:290:Infinity:undefined:undefined:undefined:undefined":16,"s:288:16:290:Infinity":63,"s:289:18:289:Infinity":64,"s:294:14:304:Infinity":65,"s:295:30:295:Infinity":66,"b:296:16:303:Infinity:undefined:undefined:undefined:undefined":17,"s:296:16:303:Infinity":67,"s:297:18:297:Infinity":68,"s:298:18:301:Infinity":69,"s:302:18:302:Infinity":70,"s:308:31:308:Infinity":71,"b:315:10:545:Infinity:undefined:undefined:undefined:undefined":18,"s:315:10:545:Infinity":72,"s:318:32:318:Infinity":73,"b:321:12:544:Infinity:326:19:544:Infinity":19,"s:321:12:544:Infinity":74,"s:322:14:324:Infinity":75,"s:329:16:329:Infinity":76,"b:330:14:349:Infinity:undefined:undefined:undefined:undefined":20,"s:330:14:349:Infinity":77,"s:332:28:332:Infinity":78,"b:333:16:348:Infinity:341:23:348:Infinity":21,"s:333:16:348:Infinity":79,"s:335:18:338:Infinity":80,"s:339:18:339:Infinity":81,"s:344:18:346:Infinity":82,"s:347:18:347:Infinity":83,"s:355:30:358:Infinity":84,"f:355:51:355:52":6,"s:356:16:356:Infinity":85,"s:357:16:357:Infinity":86,"s:364:32:364:Infinity":87,"s:365:32:374:Infinity":88,"f:365:43:365:49":7,"s:366:30:366:Infinity":89,"b:367:16:373:Infinity:undefined:undefined:undefined:undefined":22,"s:367:16:373:Infinity":90,"b:367:20:367:29:367:29:367:104":23,"s:368:18:371:Infinity":91,"s:372:18:372:Infinity":92,"s:376:14:380:Infinity":93,"s:388:14:541:Infinity":94,"f:388:15:388:27":8,"s:389:14:540:Infinity":95,"s:392:16:396:Infinity":96,"b:394:40:394:46:394:46:394:Infinity":24,"s:399:32:399:Infinity":97,"b:402:16:434:Infinity:419:23:434:Infinity":25,"s:402:16:434:Infinity":98,"s:403:38:403:Infinity":99,"s:404:40:404:Infinity":100,"b:405:18:418:Infinity:undefined:undefined:undefined:undefined":26,"s:405:18:418:Infinity":101,"s:406:41:406:Infinity":102,"s:407:20:409:Infinity":103,"s:410:61:416:Infinity":104,"s:417:20:417:Infinity":105,"b:420:18:433:Infinity:undefined:undefined:undefined:undefined":27,"s:420:18:433:Infinity":106,"s:421:41:421:Infinity":107,"s:422:20:424:Infinity":108,"s:425:61:431:Infinity":109,"s:432:20:432:Infinity":110,"s:437:41:439:Infinity":111,"b:438:20:438:Infinity:439:20:439:Infinity":28,"s:446:16:520:Infinity":112,"s:447:18:449:Infinity":113,"b:451:18:517:Infinity:undefined:undefined:undefined:undefined":29,"s:451:18:517:Infinity":114,"s:456:42:461:Infinity":115,"f:456:69:456:70":9,"s:457:38:457:Infinity":116,"b:457:58:457:93:457:93:457:Infinity":30,"s:460:22:460:Infinity":117,"s:462:41:462:Infinity":118,"s:466:14:483:Infinity":119,"f:467:51:467:52":10,"s:467:59:482:18":120,"f:468:35:468:46":11,"s:470:39:470:Infinity":121,"b:471:20:473:Infinity:undefined:undefined:undefined:undefined":31,"s:471:20:473:Infinity":122,"s:472:22:472:Infinity":123,"s:474:20:474:Infinity":124,"s:488:41:488:Infinity":125,"s:489:46:503:Infinity":126,"b:490:24:494:Infinity:495:24:503:Infinity":32,"f:498:61:498:62":12,"s:498:69:502:28":127,"s:505:61:515:Infinity":128,"f:510:57:510:58":13,"s:510:65:514:24":129,"s:516:20:516:Infinity":130,"s:519:18:519:Infinity":131,"s:524:36:524:Infinity":132,"b:524:46:524:62:524:62:524:Infinity":33,"s:527:31:527:Infinity":133,"s:528:16:528:Infinity":134,"s:529:16:529:Infinity":135,"s:531:16:531:Infinity":136,"s:535:30:535:Infinity":137,"b:536:16:539:Infinity:undefined:undefined:undefined:undefined":34,"s:536:16:539:Infinity":138,"s:537:18:537:Infinity":139,"s:538:18:538:Infinity":140,"s:543:14:543:Infinity":141,"s:549:27:549:Infinity":142,"s:551:12:551:Infinity":143,"b:551:37:551:54:551:54:551:Infinity":35,"b:553:10:569:Infinity:undefined:undefined:undefined:undefined":36,"s:553:10:569:Infinity":144,"b:554:12:554:Infinity:555:12:555:Infinity":37,"s:557:29:557:Infinity":145,"s:558:12:560:Infinity":146,"s:561:54:567:Infinity":147,"s:568:12:568:Infinity":148,"s:572:10:572:Infinity":149,"s:579:10:583:Infinity":150,"b:581:34:581:40:581:40:581:Infinity":38,"s:586:26:586:Infinity":151,"b:590:10:649:Infinity:621:17:649:Infinity":39,"s:590:10:649:Infinity":152,"s:593:32:593:Infinity":153,"s:594:34:594:Infinity":154,"b:595:12:620:Infinity:undefined:undefined:undefined:undefined":40,"s:595:12:620:Infinity":155,"s:596:35:596:Infinity":156,"s:598:14:604:Infinity":157,"s:606:55:618:Infinity":158,"s:619:14:619:Infinity":159,"b:623:12:648:Infinity:undefined:undefined:undefined:undefined":41,"s:623:12:648:Infinity":160,"s:624:35:624:Infinity":161,"s:626:14:632:Infinity":162,"s:634:55:646:Infinity":163,"s:647:14:647:Infinity":164,"s:652:35:654:Infinity":165,"b:653:14:653:Infinity:654:14:654:Infinity":42,"s:661:10:736:Infinity":166,"s:662:12:664:Infinity":167,"b:666:12:733:Infinity:undefined:undefined:undefined:undefined":43,"s:666:12:733:Infinity":168,"s:671:36:676:Infinity":169,"f:671:63:671:64":14,"s:672:32:672:Infinity":170,"b:672:52:672:87:672:87:672:Infinity":44,"s:675:16:675:Infinity":171,"s:677:35:677:Infinity":172,"s:681:14:698:Infinity":173,"f:682:51:682:52":15,"s:682:59:697:18":174,"f:683:35:683:46":16,"s:685:39:685:Infinity":175,"b:686:20:688:Infinity:undefined:undefined:undefined:undefined":45,"s:686:20:688:Infinity":176,"s:687:22:687:Infinity":177,"s:689:20:689:Infinity":178,"s:704:35:704:Infinity":179,"s:705:40:719:Infinity":180,"b:706:18:710:Infinity:711:18:719:Infinity":46,"f:714:55:714:56":17,"s:714:63:718:22":181,"s:721:55:731:Infinity":182,"f:726:51:726:52":18,"s:726:59:730:18":183,"s:732:14:732:Infinity":184,"s:735:12:735:Infinity":185,"s:740:30:740:Infinity":186,"b:740:40:740:56:740:56:740:Infinity":47,"s:743:25:743:Infinity":187,"s:745:10:745:Infinity":188,"s:746:10:746:Infinity":189,"b:750:10:760:Infinity:undefined:undefined:undefined:undefined":48,"s:750:10:760:Infinity":190,"b:751:12:751:Infinity:752:12:752:Infinity:753:12:753:Infinity:754:12:754:Infinity:755:12:755:Infinity":49,"s:759:12:759:Infinity":191,"s:765:31:765:Infinity":192,"s:768:10:776:Infinity":193,"b:769:46:769:62:769:62:769:Infinity":50,"b:771:16:771:Infinity:772:16:774:Infinity":51,"b:773:16:773:Infinity:774:16:774:Infinity":52,"s:779:37:779:Infinity":194,"b:780:10:808:Infinity:undefined:undefined:undefined:undefined":53,"s:780:10:808:Infinity":195,"s:781:33:781:Infinity":196,"b:782:12:807:Infinity:787:12:807:Infinity":54,"s:782:12:807:Infinity":197,"b:783:14:783:Infinity:784:14:784:Infinity":55,"s:786:14:786:Infinity":198,"b:787:12:807:Infinity:792:12:807:Infinity":56,"s:787:12:807:Infinity":199,"b:788:14:788:Infinity:789:14:789:Infinity":57,"s:791:14:791:Infinity":200,"b:792:12:807:Infinity:797:12:807:Infinity":58,"s:792:12:807:Infinity":201,"b:793:14:793:Infinity:794:14:794:Infinity":59,"s:796:14:796:Infinity":202,"b:797:12:807:Infinity:802:12:807:Infinity":60,"s:797:12:807:Infinity":203,"b:798:14:798:Infinity:799:14:799:Infinity":61,"s:801:14:801:Infinity":204,"b:802:12:807:Infinity:undefined:undefined:undefined:undefined":62,"s:802:12:807:Infinity":205,"b:803:14:803:Infinity:804:14:804:Infinity":63,"s:806:14:806:Infinity":206,"s:811:12:827:Infinity":207,"b:812:16:820:Infinity:821:16:827:Infinity":64,"b:813:27:813:44:813:44:813:Infinity":65,"b:815:40:815:52:815:52:815:Infinity":66,"b:818:48:818:60:818:60:818:Infinity":67,"b:822:27:822:44:822:44:822:Infinity":68,"b:825:48:825:60:825:60:825:Infinity":69,"s:829:10:829:Infinity":208,"s:834:4:834:Infinity":209,"f:843:12:843:26":19,"s:844:4:844:Infinity":210,"s:845:4:845:Infinity":211,"f:855:12:855:25":20,"s:856:4:933:Infinity":212,"f:856:20:856:21":21,"b:858:6:898:Infinity:undefined:undefined:undefined:undefined":70,"s:858:6:898:Infinity":213,"b:860:8:879:Infinity:undefined:undefined:undefined:undefined":71,"s:860:8:879:Infinity":214,"s:865:29:876:Infinity":215,"s:878:10:878:Infinity":216,"b:882:8:890:Infinity:undefined:undefined:undefined:undefined":72,"s:882:8:890:Infinity":217,"b:883:10:885:Infinity:886:10:886:Infinity:887:10:887:Infinity":73,"s:889:10:889:Infinity":218,"b:893:8:895:Infinity:undefined:undefined:undefined:undefined":74,"s:893:8:895:Infinity":219,"s:894:10:894:Infinity":220,"s:897:8:897:Infinity":221,"b:901:6:930:Infinity:undefined:undefined:undefined:undefined":75,"s:901:6:930:Infinity":222,"b:901:10:901:37:901:37:901:51":76,"b:902:8:904:Infinity:undefined:undefined:undefined:undefined":77,"s:902:8:904:Infinity":223,"s:903:10:903:Infinity":224,"f:903:25:903:26":22,"s:903:35:903:63":225,"s:909:10:909:Infinity":226,"s:911:51:911:Infinity":227,"s:912:8:928:Infinity":228,"b:914:10:927:Infinity:917:10:927:Infinity":78,"s:914:10:927:Infinity":229,"s:916:12:916:Infinity":230,"b:917:10:927:Infinity:921:10:927:Infinity":79,"s:917:10:927:Infinity":231,"b:917:21:917:50:917:50:917:68":80,"s:919:35:919:Infinity":232,"s:920:12:920:Infinity":233,"b:921:10:927:Infinity:924:17:927:Infinity":81,"s:921:10:927:Infinity":234,"b:921:21:921:50:921:50:921:66":82,"s:923:12:923:Infinity":235,"s:926:12:926:Infinity":236,"s:929:8:929:Infinity":237,"s:932:6:932:Infinity":238}}}
,"C:\\Users\\KAZE\\Documents\\App\\RuleDesk\\src\\main\\db\\client.ts": {"path":"C:\\Users\\KAZE\\Documents\\App\\RuleDesk\\src\\main\\db\\client.ts","statementMap":{"0":{"start":{"line":15,"column":37},"end":{"line":15,"column":null}},"1":{"start":{"line":16,"column":59},"end":{"line":16,"column":null}},"2":{"start":{"line":19,"column":2},"end":{"line":23,"column":null}},"3":{"start":{"line":20,"column":4},"end":{"line":20,"column":null}},"4":{"start":{"line":22,"column":4},"end":{"line":22,"column":null}},"5":{"start":{"line":25,"column":2},"end":{"line":25,"column":null}},"6":{"start":{"line":26,"column":2},"end":{"line":26,"column":null}},"7":{"start":{"line":27,"column":2},"end":{"line":27,"column":null}},"8":{"start":{"line":31,"column":2},"end":{"line":38,"column":null}},"9":{"start":{"line":32,"column":20},"end":{"line":32,"column":null}},"10":{"start":{"line":33,"column":4},"end":{"line":35,"column":null}},"11":{"start":{"line":34,"column":6},"end":{"line":34,"column":null}},"12":{"start":{"line":42,"column":2},"end":{"line":44,"column":null}},"13":{"start":{"line":43,"column":4},"end":{"line":43,"column":null}},"14":{"start":{"line":46,"column":8},"end":{"line":46,"column":null}},"15":{"start":{"line":48,"column":2},"end":{"line":64,"column":null}},"16":{"start":{"line":49,"column":4},"end":{"line":51,"column":null}},"17":{"start":{"line":50,"column":6},"end":{"line":50,"column":null}},"18":{"start":{"line":53,"column":20},"end":{"line":53,"column":null}},"19":{"start":{"line":54,"column":21},"end":{"line":54,"column":null}},"20":{"start":{"line":55,"column":21},"end":{"line":55,"column":null}},"21":{"start":{"line":57,"column":4},"end":{"line":60,"column":null}},"22":{"start":{"line":62,"column":4},"end":{"line":62,"column":null}},"23":{"start":{"line":63,"column":4},"end":{"line":63,"column":null}},"24":{"start":{"line":68,"column":2},"end":{"line":68,"column":null}},"25":{"start":{"line":68,"column":18},"end":{"line":68,"column":null}},"26":{"start":{"line":70,"column":17},"end":{"line":70,"column":null}},"27":{"start":{"line":71,"column":2},"end":{"line":71,"column":null}},"28":{"start":{"line":75,"column":21},"end":{"line":75,"column":null}},"29":{"start":{"line":76,"column":16},"end":{"line":76,"column":null}},"30":{"start":{"line":80,"column":2},"end":{"line":88,"column":null}},"31":{"start":{"line":81,"column":25},"end":{"line":81,"column":null}},"32":{"start":{"line":82,"column":4},"end":{"line":82,"column":null}},"33":{"start":{"line":83,"column":4},"end":{"line":83,"column":null}},"34":{"start":{"line":85,"column":4},"end":{"line":87,"column":null}},"35":{"start":{"line":86,"column":6},"end":{"line":86,"column":null}},"36":{"start":{"line":91,"column":2},"end":{"line":98,"column":null}},"37":{"start":{"line":93,"column":4},"end":{"line":93,"column":null}},"38":{"start":{"line":97,"column":4},"end":{"line":97,"column":null}},"39":{"start":{"line":101,"column":2},"end":{"line":105,"column":null}},"40":{"start":{"line":102,"column":21},"end":{"line":102,"column":null}},"41":{"start":{"line":103,"column":4},"end":{"line":103,"column":null}},"42":{"start":{"line":104,"column":4},"end":{"line":104,"column":null}},"43":{"start":{"line":107,"column":2},"end":{"line":107,"column":null}},"44":{"start":{"line":108,"column":2},"end":{"line":108,"column":null}},"45":{"start":{"line":110,"column":16},"end":{"line":110,"column":null}},"46":{"start":{"line":111,"column":2},"end":{"line":113,"column":null}},"47":{"start":{"line":112,"column":4},"end":{"line":112,"column":null}},"48":{"start":{"line":121,"column":17},"end":{"line":126,"column":null}},"49":{"start":{"line":123,"column":21},"end":{"line":123,"column":null}},"50":{"start":{"line":129,"column":2},"end":{"line":129,"column":null}},"51":{"start":{"line":136,"column":2},"end":{"line":136,"column":null}},"52":{"start":{"line":137,"column":2},"end":{"line":137,"column":null}},"53":{"start":{"line":141,"column":19},"end":{"line":143,"column":null}},"54":{"start":{"line":145,"column":2},"end":{"line":148,"column":null}},"55":{"start":{"line":146,"column":4},"end":{"line":146,"column":null}},"56":{"start":{"line":147,"column":4},"end":{"line":147,"column":null}},"57":{"start":{"line":150,"column":2},"end":{"line":150,"column":null}},"58":{"start":{"line":151,"column":2},"end":{"line":151,"column":null}},"59":{"start":{"line":153,"column":2},"end":{"line":501,"column":null}},"60":{"start":{"line":154,"column":4},"end":{"line":154,"column":null}},"61":{"start":{"line":159,"column":4},"end":{"line":183,"column":null}},"62":{"start":{"line":160,"column":24},"end":{"line":162,"column":null}},"63":{"start":{"line":164,"column":20},"end":{"line":164,"column":null}},"64":{"start":{"line":166,"column":6},"end":{"line":179,"column":null}},"65":{"start":{"line":167,"column":8},"end":{"line":171,"column":null}},"66":{"start":{"line":172,"column":6},"end":{"line":179,"column":null}},"67":{"start":{"line":173,"column":8},"end":{"line":176,"column":null}},"68":{"start":{"line":178,"column":8},"end":{"line":178,"column":null}},"69":{"start":{"line":182,"column":6},"end":{"line":182,"column":null}},"70":{"start":{"line":187,"column":4},"end":{"line":475,"column":null}},"71":{"start":{"line":188,"column":6},"end":{"line":474,"column":null}},"72":{"start":{"line":189,"column":8},"end":{"line":473,"column":null}},"73":{"start":{"line":191,"column":10},"end":{"line":193,"column":null}},"74":{"start":{"line":192,"column":12},"end":{"line":192,"column":null}},"75":{"start":{"line":198,"column":30},"end":{"line":198,"column":null}},"76":{"start":{"line":199,"column":57},"end":{"line":199,"column":null}},"77":{"start":{"line":201,"column":10},"end":{"line":211,"column":null}},"78":{"start":{"line":202,"column":35},"end":{"line":202,"column":null}},"79":{"start":{"line":203,"column":28},"end":{"line":203,"column":null}},"80":{"start":{"line":204,"column":12},"end":{"line":204,"column":null}},"81":{"start":{"line":207,"column":12},"end":{"line":207,"column":null}},"82":{"start":{"line":208,"column":12},"end":{"line":208,"column":null}},"83":{"start":{"line":209,"column":12},"end":{"line":209,"column":null}},"84":{"start":{"line":210,"column":12},"end":{"line":210,"column":null}},"85":{"start":{"line":214,"column":10},"end":{"line":220,"column":null}},"86":{"start":{"line":223,"column":10},"end":{"line":468,"column":null}},"87":{"start":{"line":224,"column":34},"end":{"line":224,"column":null}},"88":{"start":{"line":226,"column":12},"end":{"line":229,"column":null}},"89":{"start":{"line":227,"column":14},"end":{"line":227,"column":null}},"90":{"start":{"line":228,"column":14},"end":{"line":228,"column":null}},"91":{"start":{"line":232,"column":29},"end":{"line":234,"column":null}},"92":{"start":{"line":235,"column":12},"end":{"line":238,"column":null}},"93":{"start":{"line":236,"column":14},"end":{"line":236,"column":null}},"94":{"start":{"line":237,"column":14},"end":{"line":237,"column":null}},"95":{"start":{"line":240,"column":12},"end":{"line":467,"column":null}},"96":{"start":{"line":241,"column":35},"end":{"line":241,"column":null}},"97":{"start":{"line":244,"column":14},"end":{"line":418,"column":null}},"98":{"start":{"line":245,"column":43},"end":{"line":249,"column":null}},"99":{"start":{"line":250,"column":16},"end":{"line":260,"column":null}},"100":{"start":{"line":251,"column":18},"end":{"line":251,"column":null}},"101":{"start":{"line":252,"column":18},"end":{"line":254,"column":null}},"102":{"start":{"line":256,"column":18},"end":{"line":256,"column":null}},"103":{"start":{"line":257,"column":18},"end":{"line":259,"column":null}},"104":{"start":{"line":261,"column":14},"end":{"line":418,"column":null}},"105":{"start":{"line":265,"column":16},"end":{"line":334,"column":null}},"106":{"start":{"line":267,"column":18},"end":{"line":272,"column":null}},"107":{"start":{"line":275,"column":18},"end":{"line":278,"column":null}},"108":{"start":{"line":282,"column":18},"end":{"line":313,"column":null}},"109":{"start":{"line":283,"column":20},"end":{"line":290,"column":null}},"110":{"start":{"line":291,"column":20},"end":{"line":298,"column":null}},"111":{"start":{"line":299,"column":20},"end":{"line":306,"column":null}},"112":{"start":{"line":307,"column":20},"end":{"line":307,"column":null}},"113":{"start":{"line":310,"column":20},"end":{"line":312,"column":null}},"114":{"start":{"line":316,"column":18},"end":{"line":318,"column":null}},"115":{"start":{"line":322,"column":18},"end":{"line":324,"column":null}},"116":{"start":{"line":325,"column":18},"end":{"line":333,"column":null}},"117":{"start":{"line":326,"column":20},"end":{"line":330,"column":null}},"118":{"start":{"line":335,"column":14},"end":{"line":418,"column":null}},"119":{"start":{"line":339,"column":16},"end":{"line":409,"column":null}},"120":{"start":{"line":341,"column":18},"end":{"line":346,"column":null}},"121":{"start":{"line":349,"column":18},"end":{"line":363,"column":null}},"122":{"start":{"line":350,"column":40},"end":{"line":352,"column":null}},"123":{"start":{"line":353,"column":34},"end":{"line":353,"column":null}},"124":{"start":{"line":354,"column":20},"end":{"line":357,"column":null}},"125":{"start":{"line":360,"column":20},"end":{"line":362,"column":null}},"126":{"start":{"line":366,"column":18},"end":{"line":389,"column":null}},"127":{"start":{"line":367,"column":20},"end":{"line":374,"column":null}},"128":{"start":{"line":375,"column":20},"end":{"line":382,"column":null}},"129":{"start":{"line":383,"column":20},"end":{"line":383,"column":null}},"130":{"start":{"line":386,"column":20},"end":{"line":388,"column":null}},"131":{"start":{"line":392,"column":18},"end":{"line":394,"column":null}},"132":{"start":{"line":397,"column":18},"end":{"line":399,"column":null}},"133":{"start":{"line":400,"column":18},"end":{"line":408,"column":null}},"134":{"start":{"line":401,"column":20},"end":{"line":405,"column":null}},"135":{"start":{"line":412,"column":16},"end":{"line":412,"column":null}},"136":{"start":{"line":415,"column":16},"end":{"line":417,"column":null}},"137":{"start":{"line":420,"column":28},"end":{"line":420,"column":null}},"138":{"start":{"line":421,"column":35},"end":{"line":421,"column":null}},"139":{"start":{"line":422,"column":32},"end":{"line":422,"column":null}},"140":{"start":{"line":427,"column":17},"end":{"line":428,"column":null}},"141":{"start":{"line":429,"column":14},"end":{"line":466,"column":null}},"142":{"start":{"line":430,"column":16},"end":{"line":432,"column":null}},"143":{"start":{"line":434,"column":16},"end":{"line":442,"column":null}},"144":{"start":{"line":435,"column":18},"end":{"line":439,"column":null}},"145":{"st
[...]
t":{"line":29,"column":59},"end":{"line":29,"column":70}},"8":{"start":{"line":35,"column":62},"end":{"line":35,"column":73}},"9":{"start":{"line":36,"column":62},"end":{"line":36,"column":73}},"10":{"start":{"line":37,"column":63},"end":{"line":37,"column":74}},"11":{"start":{"line":47,"column":31},"end":{"line":59,"column":null}}},"fnMap":{"0":{"name":"(anonymous_0)","decl":{"start":{"line":10,"column":50},"end":{"line":10,"column":51}},"loc":{"start":{"line":10,"column":59},"end":{"line":10,"column":70}},"line":10},"1":{"name":"(anonymous_1)","decl":{"start":{"line":16,"column":54},"end":{"line":16,"column":55}},"loc":{"start":{"line":16,"column":63},"end":{"line":16,"column":74}},"line":16},"2":{"name":"(anonymous_2)","decl":{"start":{"line":17,"column":53},"end":{"line":17,"column":54}},"loc":{"start":{"line":17,"column":62},"end":{"line":17,"column":73}},"line":17},"3":{"name":"(anonymous_3)","decl":{"start":{"line":19,"column":53},"end":{"line":19,"column":54}},"loc":{"start":{"line":19,"column":62},"end":{"line":19,"column":73}},"line":19},"4":{"name":"(anonymous_4)","decl":{"start":{"line":20,"column":54},"end":{"line":20,"column":55}},"loc":{"start":{"line":20,"column":63},"end":{"line":20,"column":74}},"line":20},"5":{"name":"(anonymous_5)","decl":{"start":{"line":29,"column":50},"end":{"line":29,"column":51}},"loc":{"start":{"line":29,"column":59},"end":{"line":29,"column":70}},"line":29},"6":{"name":"(anonymous_6)","decl":{"start":{"line":35,"column":53},"end":{"line":35,"column":54}},"loc":{"start":{"line":35,"column":62},"end":{"line":35,"column":73}},"line":35},"7":{"name":"(anonymous_7)","decl":{"start":{"line":36,"column":53},"end":{"line":36,"column":54}},"loc":{"start":{"line":36,"column":62},"end":{"line":36,"column":73}},"line":36},"8":{"name":"(anonymous_8)","decl":{"start":{"line":37,"column":54},"end":{"line":37,"column":55}},"loc":{"start":{"line":37,"column":63},"end":{"line":37,"column":74}},"line":37}},"branchMap":{},"s":{"0":2,"1":6,"2":6,"3":6,"4":6,"5":6,"6":2,"7":0,"8":0,"9":0,"10":0,"11":2},"f":{"0":6,"1":6,"2":6,"3":6,"4":6,"5":0,"6":0,"7":0,"8":0},"b":{},"meta":{"lastBranch":0,"lastFunction":9,"lastStatement":12,"seen":{"s:9:32:21:Infinity":0,"f:10:50:10:51":0,"s:10:59:10:70":1,"f:16:54:16:55":1,"s:16:63:16:74":2,"f:17:53:17:54":2,"s:17:62:17:73":3,"f:19:53:19:54":3,"s:19:62:19:73":4,"f:20:54:20:55":4,"s:20:63:20:74":5,"s:28:37:39:Infinity":6,"f:29:50:29:51":5,"s:29:59:29:70":7,"f:35:53:35:54":6,"s:35:62:35:73":8,"f:36:53:36:54":7,"s:36:62:36:73":9,"f:37:54:37:55":8,"s:37:63:37:74":10,"s:47:31:59:Infinity":11}}}
,"C:\\Users\\KAZE\\Documents\\App\\RuleDesk\\src\\shared\\schemas\\ipc.ts": {"path":"C:\\Users\\KAZE\\Documents\\App\\RuleDesk\\src\\shared\\schemas\\ipc.ts","statementMap":{"0":{"start":{"line":3,"column":24},"end":{"line":3,"column":null}},"1":{"start":{"line":4,"column":32},"end":{"line":4,"column":null}},"2":{"start":{"line":10,"column":43},"end":{"line":10,"column":null}},"3":{"start":{"line":12,"column":26},"end":{"line":12,"column":null}},"4":{"start":{"line":13,"column":27},"end":{"line":13,"column":null}},"5":{"start":{"line":14,"column":32},"end":{"line":17,"column":null}},"6":{"start":{"line":19,"column":28},"end":{"line":19,"column":null}},"7":{"start":{"line":20,"column":31},"end":{"line":20,"column":null}},"8":{"start":{"line":21,"column":33},"end":{"line":24,"column":null}}},"fnMap":{},"branchMap":{},"s":{"0":2,"1":2,"2":2,"3":2,"4":2,"5":2,"6":2,"7":2,"8":2},"f":{},"b":{},"meta":{"lastBranch":0,"lastFunction":0,"lastStatement":9,"seen":{"s:3:24:3:Infinity":0,"s:4:32:4:Infinity":1,"s:10:43:10:Infinity":2,"s:12:26:12:Infinity":3,"s:13:27:13:Infinity":4,"s:14:32:17:Infinity":5,"s:19:28:19:Infinity":6,"s:20:31:20:Infinity":7,"s:21:33:24:Infinity":8}}}
,"C:\\Users\\KAZE\\Documents\\App\\RuleDesk\\src\\shared\\schemas\\search.ts": {"path":"C:\\Users\\KAZE\\Documents\\App\\RuleDesk\\src\\shared\\schemas\\search.ts","statementMap":{"0":{"start":{"line":10,"column":29},"end":{"line":10,"column":null}},"1":{"start":{"line":12,"column":33},"end":{"line":18,"column":null}}},"fnMap":{},"branchMap":{},"s":{"0":1,"1":1},"f":{},"b":{},"meta":{"lastBranch":0,"lastFunction":0,"lastStatement":2,"seen":{"s:10:29:10:Infinity":0,"s:12:33:18:Infinity":1}}}
,"C:\\Users\\KAZE\\Documents\\App\\RuleDesk\\src\\shared\\schemas\\settings.ts": {"path":"C:\\Users\\KAZE\\Documents\\App\\RuleDesk\\src\\shared\\schemas\\settings.ts","statementMap":{"0":{"start":{"line":4,"column":37},"end":{"line":4,"column":null}},"1":{"start":{"line":14,"column":33},"end":{"line":45,"column":null}},"2":{"start":{"line":57,"column":34},"end":{"line":84,"column":null}},"3":{"start":{"line":77,"column":21},"end":{"line":77,"column":44}},"4":{"start":{"line":96,"column":33},"end":{"line":113,"column":null}},"5":{"start":{"line":122,"column":49},"end":{"line":139,"column":null}}},"fnMap":{"0":{"name":"(anonymous_0)","decl":{"start":{"line":77,"column":12},"end":{"line":77,"column":13}},"loc":{"start":{"line":77,"column":21},"end":{"line":77,"column":44}},"line":77}},"branchMap":{},"s":{"0":1,"1":1,"2":1,"3":0,"4":1,"5":1},"f":{"0":0},"b":{},"meta":{"lastBranch":0,"lastFunction":1,"lastStatement":6,"seen":{"s:4:37:4:Infinity":0,"s:14:33:45:Infinity":1,"s:57:34:84:Infinity":2,"f:77:12:77:13":0,"s:77:21:77:44":3,"s:96:33:113:Infinity":4,"s:122:49:139:Infinity":5}}}
,"C:\\Users\\KAZE\\Documents\\App\\RuleDesk\\src\\shared\\utils\\media.ts": {"path":"C:\\Users\\KAZE\\Documents\\App\\RuleDesk\\src\\shared\\utils\\media.ts","statementMap":{"0":{"start":{"line":12,"column":25},"end":{"line":21,"column":null}},"1":{"start":{"line":27,"column":25},"end":{"line":35,"column":null}},"2":{"start":{"line":45,"column":2},"end":{"line":45,"column":null}},"3":{"start":{"line":45,"column":16},"end":{"line":45,"column":null}},"4":{"start":{"line":47,"column":19},"end":{"line":47,"column":null}},"5":{"start":{"line":51,"column":20},"end":{"line":51,"column":null}},"6":{"start":{"line":52,"column":19},"end":{"line":52,"column":null}},"7":{"start":{"line":55,"column":2},"end":{"line":59,"column":null}},"8":{"start":{"line":56,"column":4},"end":{"line":58,"column":null}},"9":{"start":{"line":57,"column":6},"end":{"line":57,"column":null}},"10":{"start":{"line":62,"column":2},"end":{"line":66,"column":null}},"11":{"start":{"line":63,"column":4},"end":{"line":65,"column":null}},"12":{"start":{"line":64,"column":6},"end":{"line":64,"column":null}},"13":{"start":{"line":69,"column":2},"end":{"line":69,"column":null}},"14":{"start":{"line":80,"column":2},"end":{"line":80,"column":null}},"15":{"start":{"line":91,"column":2},"end":{"line":91,"column":null}}},"fnMap":{"0":{"name":"getMediaTypeFromUrl","decl":{"start":{"line":44,"column":16},"end":{"line":44,"column":36}},"loc":{"start":{"line":44,"column":98},"end":{"line":70,"column":null}},"line":44},"1":{"name":"isVideoUrl","decl":{"start":{"line":79,"column":16},"end":{"line":79,"column":27}},"loc":{"start":{"line":79,"column":72},"end":{"line":81,"column":null}},"line":79},"2":{"name":"isImageUrl","decl":{"start":{"line":90,"column":16},"end":{"line":90,"column":27}},"loc":{"start":{"line":90,"column":72},"end":{"line":92,"column":null}},"line":90}},"branchMap":{"0":{"loc":{"start":{"line":45,"column":2},"end":{"line":45,"column":null}},"type":"if","locations":[{"start":{"line":45,"column":2},"end":{"line":45,"column":null}},{"start":{},"end":{}}],"line":45},"1":{"loc":{"start":{"line":52,"column":19},"end":{"line":52,"column":null}},"type":"cond-expr","locations":[{"start":{"line":52,"column":31},"end":{"line":52,"column":46}},{"start":{"line":52,"column":46},"end":{"line":52,"column":null}}],"line":52},"2":{"loc":{"start":{"line":56,"column":4},"end":{"line":58,"column":null}},"type":"if","locations":[{"start":{"line":56,"column":4},"end":{"line":58,"column":null}},{"start":{},"end":{}}],"line":56},"3":{"loc":{"start":{"line":63,"column":4},"end":{"line":65,"column":null}},"type":"if","locations":[{"start":{"line":63,"column":4},"end":{"line":65,"column":null}},{"start":{},"end":{}}],"line":63}},"s":{"0":4,"1":4,"2":363,"3":3,"4":360,"5":360,"6":360,"7":363,"8":2687,"9":41,"10":319,"11":346,"12":317,"13":2,"14":363,"15":0},"f":{"0":363,"1":363,"2":0},"b":{"0":[3,360],"1":[360,0],"2":[41,2646],"3":[317,29]},"meta":{"lastBranch":4,"lastFunction":3,"lastStatement":16,"seen":{"s:12:25:21:Infinity":0,"s:27:25:35:Infinity":1,"f:44:16:44:36":0,"b:45:2:45:Infinity:undefined:undefined:undefined:undefined":0,"s:45:2:45:Infinity":2,"s:45:16:45:Infinity":3,"s:47:19:47:Infinity":4,"s:51:20:51:Infinity":5,"s:52:19:52:Infinity":6,"b:52:31:52:46:52:46:52:Infinity":1,"s:55:2:59:Infinity":7,"b:56:4:58:Infinity:undefined:undefined:undefined:undefined":2,"s:56:4:58:Infinity":8,"s:57:6:57:Infinity":9,"s:62:2:66:Infinity":10,"b:63:4:65:Infinity:undefined:undefined:undefined:undefined":3,"s:63:4:65:Infinity":11,"s:64:6:64:Infinity":12,"s:69:2:69:Infinity":13,"f:79:16:79:27":1,"s:80:2:80:Infinity":14,"f:90:16:90:27":2,"s:91:2:91:Infinity":15}}}
,"C:\\Users\\KAZE\\Documents\\App\\RuleDesk\\src\\shared\\utils\\post-normalization.ts": {"path":"C:\\Users\\KAZE\\Documents\\App\\RuleDesk\\src\\shared\\utils\\post-normalization.ts","statementMap":{"0":{"start":{"line":14,"column":2},"end":{"line":16,"column":null}},"1":{"start":{"line":15,"column":4},"end":{"line":15,"column":null}},"2":{"start":{"line":18,"column":21},"end":{"line":18,"column":null}},"3":{"start":{"line":20,"column":2},"end":{"line":20,"column":null}},"4":{"start":{"line":20,"column":33},"end":{"line":20,"column":null}},"5":{"start":{"line":21,"column":2},"end":{"line":21,"column":null}},"6":{"start":{"line":21,"column":29},"end":{"line":21,"column":null}},"7":{"start":{"line":22,"column":2},"end":{"line":22,"column":null}},"8":{"start":{"line":22,"column":37},"end":{"line":22,"column":null}},"9":{"start":{"line":24,"column":2},"end":{"line":26,"column":null}},"10":{"start":{"line":25,"column":4},"end":{"line":25,"column":null}},"11":{"start":{"line":28,"column":2},"end":{"line":28,"column":null}},"12":{"start":{"line":42,"column":17},"end":{"line":42,"column":null}},"13":{"start":{"line":46,"column":2},"end":{"line":50,"column":null}},"14":{"start":{"line":47,"column":4},"end":{"line":47,"column":null}},"15":{"start":{"line":48,"column":2},"end":{"line":50,"column":null}},"16":{"start":{"line":49,"column":4},"end":{"line":49,"column":null}},"17":{"start":{"line":56,"column":28},"end":{"line":56,"column":null}},"18":{"start":{"line":57,"column":2},"end":{"line":63,"column":null}},"19":{"start":{"line":58,"column":4},"end":{"line":58,"column":null}},"20":{"start":{"line":59,"column":2},"end":{"line":63,"column":null}},"21":{"start":{"line":60,"column":4},"end":{"line":62,"column":null}},"22":{"start":{"line":60,"column":43},"end":{"line":60,"column":64}},"23":{"start":{"line":61,"column":6},"end":{"line":61,"column":null}},"24":{"start":{"line":65,"column":2},"end":{"line":74,"column":null}}},"fnMap":{"0":{"name":"normalizeRating","decl":{"start":{"line":11,"column":16},"end":{"line":11,"column":null}},"loc":{"start":{"line":13,"column":19},"end":{"line":29,"column":null}},"line":13},"1":{"name":"normalizePostToPostData","decl":{"start":{"line":40,"column":16},"end":{"line":40,"column":40}},"loc":{"start":{"line":40,"column":62},"end":{"line":75,"column":null}},"line":40},"2":{"name":"(anonymous_2)","decl":{"start":{"line":60,"column":23},"end":{"line":60,"column":24}},"loc":{"start":{"line":60,"column":43},"end":{"line":60,"column":64}},"line":60}},"branchMap":{"0":{"loc":{"start":{"line":14,"column":2},"end":{"line":16,"column":null}},"type":"if","locations":[{"start":{"line":14,"column":2},"end":{"line":16,"column":null}},{"start":{},"end":{}}],"line":14},"1":{"loc":{"start":{"line":14,"column":6},"end":{"line":14,"column":68}},"type":"binary-expr","locations":[{"start":{"line":14,"column":6},"end":{"line":14,"column":17}},{"start":{"line":14,"column":17},"end":{"line":14,"column":46}},{"start":{"line":14,"column":46},"end":{"line":14,"column":68}}],"line":14},"2":{"loc":{"start":{"line":20,"column":2},"end":{"line":20,"column":null}},"type":"if","locations":[{"start":{"line":20,"column":2},"end":{"line":20,"column":null}},{"start":{},"end":{}}],"line":20},"3":{"loc":{"start":{"line":21,"column":2},"end":{"line":21,"column":null}},"type":"if","locations":[{"start":{"line":21,"column":2},"end":{"line":21,"column":null}},{"start":{},"end":{}}],"line":21},"4":{"loc":{"start":{"line":22,"column":2},"end":{"line":22,"column":null}},"type":"if","locations":[{"start":{"line":22,"column":2},"end":{"line":22,"column":null}},{"start":{},"end":{}}],"line":22},"5":{"loc":{"start":{"line":24,"column":2},"end":{"line":26,"column":null}},"type":"if","locations":[{"start":{"line":24,"column":2},"end":{"line":26,"column":null}},{"start":{},"end":{}}],"line":24},"6":{"loc":{"start":{"line":24,"column":6},"end":{"line":24,"column":70}},"type":"binary-expr","locations":[{"start":{"line":24,"column":6},"end":{"line":24,"column":28}},{"start":{"line":24,"column":28},"end":{"line":24,"column":50}},{"start":{"line":24,"column":50},"end":{"line":24,"column":70}}],"line":24},"7":{"loc":{"start":{"line":46,"column":2},"end":{"line":50,"column":null}},"type":"if","locations":[{"start":{"line":46,"column":2},"end":{"line":50,"column":null}},{"start":{"line":48,"column":2},"end":{"line":50,"column":null}}],"line":46},"8":{"loc":{"start":{"line":48,"column":2},"end":{"line":50,"column":null}},"type":"if","locations":[{"start":{"line":48,"column":2},"end":{"line":50,"column":null}},{"start":{},"end":{}}],"line":48},"9":{"loc":{"start":{"line":57,"column":2},"end":{"line":63,"column":null}},"type":"if","locations":[{"start":{"line":57,"column":2},"end":{"line":63,"column":null}},{"start":{"line":59,"column":2},"end":{"line":63,"column":null}}],"line":57},"10":{"loc":{"start":{"line":59,"column":2},"end":{"line":63,"column":null}},"type":"if","locations":[{"start":{"line":59,"column":2},"end":{"line":63,"column":null}},{"start":{},"end":{}}],"line":59},"11":{"loc":{"start":{"line":60,"column":4},"end":{"line":62,"column":null}},"type":"if","locations":[{"start":{"line":60,"column":4},"end":{"line":62,"column":null}},{"start":{},"end":{}}],"line":60},"12":{"loc":{"start":{"line":70,"column":15},"end":{"line":70,"column":null}},"type":"binary-expr","locations":[{"start":{"line":70,"column":15},"end":{"line":70,"column":33}},{"start":{"line":70,"column":33},"end":{"line":70,"column":null}}],"line":70},"13":{"loc":{"start":{"line":71,"column":12},"end":{"line":71,"column":null}},"type":"binary-expr","locations":[{"start":{"line":71,"column":12},"end":{"line":71,"column":22}},{"start":{"line":71,"column":22},"end":{"line":71,"column":null}}],"line":71},"14":{"loc":{"start":{"line":72,"column":10},"end":{"line":72,"column":null}},"type":"binary-expr","locations":[{"start":{"line":72,"column":10},"end":{"line":72,"column":18}},{"start":{"line":72,"column":18},"end":{"line":72,"column":null}}],"line":72}},"s":{"0":6,"1":0,"2":6,"3":6,"4":3,"5":3,"6":3,"7":0,"8":0,"9":0,"10":0,"11":0,"12":0,"13":0,"14":0,"15":0,"16":0,"17":0,"18":0,"19":0,"20":0,"21":0,"22":0,"23":0,"24":0},"f":{"0":6,"1":0,"2":0},"b":{"0":[0,6],"1":[6,6,6],"2":[3,3],"3":[3,0],"4":[0,0],"5":[0,0],"6":[0,0,0],"7":[0,0],"8":[0,0],"9":[0,0],"10":[0,0],"11":[0,0],"12":[0,0],"13":[0,0],"14":[0,0]},"meta":{"lastBranch":15,"lastFunction":3,"lastStatement":25,"seen":{"f:11:16:11:Infinity":0,"b:14:2:16:Infinity:undefined:undefined:undefined:undefined":0,"s:14:2:16:Infinity":0,"b:14:6:14:17:14:17:14:46:14:46:14:68":1,"s:15:4:15:Infinity":1,"s:18:21:18:Infinity":2,"b:20:2:20:Infinity:undefined:undefined:undefined:undefined":2,"s:20:2:20:Infinity":3,"s:20:33:20:Infinity":4,"b:21:2:21:Infinity:undefined:undefined:undefined:undefined":3,"s:21:2:21:Infinity":5,"s:21:29:21:Infinity":6,"b:22:2:22:Infinity:undefined:undefined:undefined:undefined":4,"s:22:2:22:Infinity":7,"s:22:37:22:Infinity":8,"b:24:2:26:Infinity:undefined:undefined:undefined:undefined":5,"s:24:2:26:Infinity":9,"b:24:6:24:28:24:28:24:50:24:50:24:70":6,"s:25:4:25:Infinity":10,"s:28:2:28:Infinity":11,"f:40:16:40:40":1,"s:42:17:42:Infinity":12,"b:46:2:50:Infinity:48:2:50:Infinity":7,"s:46:2:50:Infinity":13,"s:47:4:47:Infinity":14,"b:48:2:50:Infinity:undefined:undefined:undefined:undefined":8,"s:48:2:50:Infinity":15,"s:49:4:49:Infinity":16,"s:56:28:56:Infinity":17,"b:57:2:63:Infinity:59:2:63:Infinity":9,"s:57:2:63:Infinity":18,"s:58:4:58:Infinity":19,"b:59:2:63:Infinity:undefined:undefined:undefined:undefined":10,"s:59:2:63:Infinity":20,"b:60:4:62:Infinity:undefined:undefined:undefined:undefined":11,"s:60:4:62:Infinity":21,"f:60:23:60:24":2,"s:60:43:60:64":22,"s:61:6:61:Infinity":23,"s:65:2:74:Infinity":24,"b:70:15:70:33:70:33:70:Infinity":12,"b:71:12:71:22:71:22:71:Infinity":13,"b:72:10:72:18:72:18:72:Infinity":14}}}
,"C:\\Users\\KAZE\\Documents\\App\\RuleDesk\\src\\shared\\utils\\provider-tag-sanitize.ts": {"path":"C:\\Users\\KAZE\\Documents\\App\\RuleDesk\\src\\shared\\utils\\provider-tag-sanitize.ts","statementMap":{"0":{"start":{"line":7,"column":45},"end":{"line":7,"column":null}},"1":{"start":{"line":10,"column":45},"end":{"line":10,"column":null}},"2":{"start":{"line":13,"column":12},"end":{"line":13,"column":null}},"3":{"start":{"line":14,"column":2},"end":{"line":19,"column":null}},"4":{"start":{"line":15,"column":15},"end":{"line":15,"column":null}},"5":{"start":{"line":16,"column":4},"end":{"line":16,"column":null}},"6":{"start":{"line":16,"column":26},"end":{"line":16,"column":null}},"7":{"start":{"line":17,"column":4},"end":{"line":17,"column":null}},"8":{"start":{"line":17,"column":31},"end":{"line":17,"column":null}},"9":{"start":{"line":18,"column":4},"end":{"line":18,"column":null}},"10":{"start":{"line":20,"column":2},"end":{"line":20,"column":null}},"11":{"start":{"line":27,"column":2},"end":{"line":27,"column":null}},"12":{"start":{"line":34,"column":2},"end":{"line":34,"column":null}}},"fnMap":{"0":{"name":"stripControlAndDeleteChars","decl":{"start":{"line":12,"column":9},"end":{"line":12,"column":36}},"loc":{"start":{"line":12,"column":55},"end":{"line":21,"column":null}},"line":12},"1":{"name":"sanitizeProviderTagToken","decl":{"start":{"line":26,"column":16},"end":{"line":26,"column":41}},"loc":{"start":{"line":26,"column":62},"end":{"line":28,"column":null}},"line":26},"2":{"name":"sanitizeProviderTagQuery","decl":{"start":{"line":33,"column":16},"end":{"line":33,"column":41}},"loc":{"start":{"line":33,"column":64},"end":{"line":35,"column":null}},"line":33}},"branchMap":{"0":{"loc":{"start":{"line":16,"column":4},"end":{"line":16,"column":null}},"type":"if","locations":[{"start":{"line":16,"column":4},"end":{"line":16,"column":null}},{"start":{},"end":{}}],"line":16},"1":{"loc":{"start":{"line":17,"column":4},"end":{"line":17,"column":null}},"type":"if","locations":[{"start":{"line":17,"column":4},"end":{"line":17,"column":null}},{"start":{},"end":{}}],"line":17},"2":{"loc":{"start":{"line":17,"column":8},"end":{"line":17,"column":31}},"type":"binary-expr","locations":[{"start":{"line":17,"column":8},"end":{"line":17,"column":19}},{"start":{"line":17,"column":19},"end":{"line":17,"column":31}}],"line":17}},"s":{"0":3,"1":3,"2":15,"3":15,"4":166,"5":166,"6":0,"7":166,"8":0,"9":166,"10":15,"11":9,"12":6},"f":{"0":15,"1":9,"2":6},"b":{"0":[0,166],"1":[0,166],"2":[166,166]},"meta":{"lastBranch":3,"lastFunction":3,"lastStatement":13,"seen":{"s:7:45:7:Infinity":0,"s:10:45:10:Infinity":1,"f:12:9:12:36":0,"s:13:12:13:Infinity":2,"s:14:2:19:Infinity":3,"s:15:15:15:Infinity":4,"b:16:4:16:Infinity:undefined:undefined:undefined:undefined":0,"s:16:4:16:Infinity":5,"s:16:26:16:Infinity":6,"b:17:4:17:Infinity:undefined:undefined:undefined:undefined":1,"s:17:4:17:Infinity":7,"b:17:8:17:19:17:19:17:31":2,"s:17:31:17:Infinity":8,"s:18:4:18:Infinity":9,"s:20:2:20:Infinity":10,"f:26:16:26:41":1,"s:27:2:27:Infinity":11,"f:33:16:33:41":2,"s:34:2:34:Infinity":12}}}
}
